<?xml version="1.0" encoding="UTF-8"?>
<testsuite name="com.fedex.aggregation.service.AggregationIntegrationTest" tests="5" skipped="0" failures="5" errors="0" timestamp="2023-04-23T11:05:21" hostname="Ferhats-MacBook-Pro.local" time="73.433">
  <properties/>
  <testcase name="testAggregationOnlyTrackRequestParams()" classname="com.fedex.aggregation.service.AggregationIntegrationTest" time="41.573">
    <failure message="org.springframework.core.codec.DecodingException: JSON decoding error: Cannot deserialize value of type `com.fedex.aggregation.service.model.AggregatedResponse` from Array value (token `JsonToken.START_ARRAY`)" type="org.springframework.core.codec.DecodingException">org.springframework.core.codec.DecodingException: JSON decoding error: Cannot deserialize value of type `com.fedex.aggregation.service.model.AggregatedResponse` from Array value (token `JsonToken.START_ARRAY`)
	at app//org.springframework.http.codec.json.AbstractJackson2Decoder.processException(AbstractJackson2Decoder.java:273)
	Suppressed: The stacktrace has been enhanced by Reactor, refer to additional information below: 
Error has been observed at the following site(s):
	*__checkpoint ⇢ Body from GET http://localhost:59697/aggregation?track=109347263,123456891 [DefaultClientResponse]
Original Stack Trace:
		at app//org.springframework.http.codec.json.AbstractJackson2Decoder.processException(AbstractJackson2Decoder.java:273)
		at app//org.springframework.http.codec.json.AbstractJackson2Decoder.decode(AbstractJackson2Decoder.java:209)
		at app//org.springframework.http.codec.json.AbstractJackson2Decoder.lambda$decodeToMono$2(AbstractJackson2Decoder.java:189)
		at app//reactor.core.publisher.MonoFlatMap$FlatMapMain.onNext(MonoFlatMap.java:132)
		at app//reactor.core.publisher.FluxContextWrite$ContextWriteSubscriber.onNext(FluxContextWrite.java:107)
		at app//reactor.core.publisher.FluxMapFuseable$MapFuseableConditionalSubscriber.onNext(FluxMapFuseable.java:299)
		at app//reactor.core.publisher.FluxFilterFuseable$FilterFuseableConditionalSubscriber.onNext(FluxFilterFuseable.java:337)
		at app//reactor.core.publisher.Operators$BaseFluxToMonoOperator.completePossiblyEmpty(Operators.java:2071)
		at app//reactor.core.publisher.MonoCollect$CollectSubscriber.onComplete(MonoCollect.java:145)
		at app//reactor.core.publisher.FluxMap$MapSubscriber.onComplete(FluxMap.java:144)
		at app//reactor.core.publisher.FluxPeek$PeekSubscriber.onComplete(FluxPeek.java:260)
		at app//reactor.core.publisher.FluxMap$MapSubscriber.onComplete(FluxMap.java:144)
		at app//reactor.netty.channel.FluxReceive.onInboundComplete(FluxReceive.java:415)
		at app//reactor.netty.channel.ChannelOperations.onInboundComplete(ChannelOperations.java:431)
		at app//reactor.netty.channel.ChannelOperations.terminate(ChannelOperations.java:485)
		at app//reactor.netty.http.client.HttpClientOperations.onInboundNext(HttpClientOperations.java:712)
		at app//reactor.netty.channel.ChannelOperationsHandler.channelRead(ChannelOperationsHandler.java:113)
		at app//io.netty.channel.AbstractChannelHandlerContext.invokeChannelRead(AbstractChannelHandlerContext.java:444)
		at app//io.netty.channel.AbstractChannelHandlerContext.invokeChannelRead(AbstractChannelHandlerContext.java:420)
		at app//io.netty.channel.AbstractChannelHandlerContext.fireChannelRead(AbstractChannelHandlerContext.java:412)
		at app//io.netty.handler.codec.MessageToMessageDecoder.channelRead(MessageToMessageDecoder.java:103)
		at app//io.netty.channel.AbstractChannelHandlerContext.invokeChannelRead(AbstractChannelHandlerContext.java:444)
		at app//io.netty.channel.AbstractChannelHandlerContext.invokeChannelRead(AbstractChannelHandlerContext.java:420)
		at app//io.netty.channel.AbstractChannelHandlerContext.fireChannelRead(AbstractChannelHandlerContext.java:412)
		at app//io.netty.channel.CombinedChannelDuplexHandler$DelegatingChannelHandlerContext.fireChannelRead(CombinedChannelDuplexHandler.java:436)
		at app//io.netty.handler.codec.ByteToMessageDecoder.fireChannelRead(ByteToMessageDecoder.java:346)
		at app//io.netty.handler.codec.ByteToMessageDecoder.channelRead(ByteToMessageDecoder.java:318)
		at app//io.netty.channel.CombinedChannelDuplexHandler.channelRead(CombinedChannelDuplexHandler.java:251)
		at app//io.netty.channel.AbstractChannelHandlerContext.invokeChannelRead(AbstractChannelHandlerContext.java:442)
		at app//io.netty.channel.AbstractChannelHandlerContext.invokeChannelRead(AbstractChannelHandlerContext.java:420)
		at app//io.netty.channel.AbstractChannelHandlerContext.fireChannelRead(AbstractChannelHandlerContext.java:412)
		at app//io.netty.channel.DefaultChannelPipeline$HeadContext.channelRead(DefaultChannelPipeline.java:1410)
		at app//io.netty.channel.AbstractChannelHandlerContext.invokeChannelRead(AbstractChannelHandlerContext.java:440)
		at app//io.netty.channel.AbstractChannelHandlerContext.invokeChannelRead(AbstractChannelHandlerContext.java:420)
		at app//io.netty.channel.DefaultChannelPipeline.fireChannelRead(DefaultChannelPipeline.java:919)
		at app//io.netty.channel.nio.AbstractNioByteChannel$NioByteUnsafe.read(AbstractNioByteChannel.java:166)
		at app//io.netty.channel.nio.NioEventLoop.processSelectedKey(NioEventLoop.java:788)
		at app//io.netty.channel.nio.NioEventLoop.processSelectedKeysOptimized(NioEventLoop.java:724)
		at app//io.netty.channel.nio.NioEventLoop.processSelectedKeys(NioEventLoop.java:650)
		at app//io.netty.channel.nio.NioEventLoop.run(NioEventLoop.java:562)
		at app//io.netty.util.concurrent.SingleThreadEventExecutor$4.run(SingleThreadEventExecutor.java:997)
		at app//io.netty.util.internal.ThreadExecutorMap$2.run(ThreadExecutorMap.java:74)
		at app//io.netty.util.concurrent.FastThreadLocalRunnable.run(FastThreadLocalRunnable.java:30)
		at java.base@17.0.6/java.lang.Thread.run(Thread.java:833)
	Suppressed: java.lang.Exception: #block terminated with an error
		at reactor.core.publisher.BlockingSingleSubscriber.blockingGet(BlockingSingleSubscriber.java:99)
		at reactor.core.publisher.Mono.block(Mono.java:1710)
		at com.fedex.aggregation.service.AggregationIntegrationTest.getCall(AggregationIntegrationTest.java:130)
		at com.fedex.aggregation.service.AggregationIntegrationTest.testAggregationOnlyTrackRequestParams(AggregationIntegrationTest.java:101)
		at java.base/jdk.internal.reflect.NativeMethodAccessorImpl.invoke0(Native Method)
		at java.base/jdk.internal.reflect.NativeMethodAccessorImpl.invoke(NativeMethodAccessorImpl.java:77)
		at java.base/jdk.internal.reflect.DelegatingMethodAccessorImpl.invoke(DelegatingMethodAccessorImpl.java:43)
		at java.base/java.lang.reflect.Method.invoke(Method.java:568)
		at org.junit.platform.commons.util.ReflectionUtils.invokeMethod(ReflectionUtils.java:727)
		at org.junit.jupiter.engine.execution.MethodInvocation.proceed(MethodInvocation.java:60)
		at org.junit.jupiter.engine.execution.InvocationInterceptorChain$ValidatingInvocation.proceed(InvocationInterceptorChain.java:131)
		at org.junit.jupiter.engine.extension.TimeoutExtension.intercept(TimeoutExtension.java:156)
		at org.junit.jupiter.engine.extension.TimeoutExtension.interceptTestableMethod(TimeoutExtension.java:147)
		at org.junit.jupiter.engine.extension.TimeoutExtension.interceptTestMethod(TimeoutExtension.java:86)
		at org.junit.jupiter.engine.execution.InterceptingExecutableInvoker$ReflectiveInterceptorCall.lambda$ofVoidMethod$0(InterceptingExecutableInvoker.java:103)
		at org.junit.jupiter.engine.execution.InterceptingExecutableInvoker.lambda$invoke$0(InterceptingExecutableInvoker.java:93)
		at org.junit.jupiter.engine.execution.InvocationInterceptorChain$InterceptedInvocation.proceed(InvocationInterceptorChain.java:106)
		at org.junit.jupiter.engine.execution.InvocationInterceptorChain.proceed(InvocationInterceptorChain.java:64)
		at org.junit.jupiter.engine.execution.InvocationInterceptorChain.chainAndInvoke(InvocationInterceptorChain.java:45)
		at org.junit.jupiter.engine.execution.InvocationInterceptorChain.invoke(InvocationInterceptorChain.java:37)
		at org.junit.jupiter.engine.execution.InterceptingExecutableInvoker.invoke(InterceptingExecutableInvoker.java:92)
		at org.junit.jupiter.engine.execution.InterceptingExecutableInvoker.invoke(InterceptingExecutableInvoker.java:86)
		at org.junit.jupiter.engine.descriptor.TestMethodTestDescriptor.lambda$invokeTestMethod$7(TestMethodTestDescriptor.java:217)
		at org.junit.platform.engine.support.hierarchical.ThrowableCollector.execute(ThrowableCollector.java:73)
		at org.junit.jupiter.engine.descriptor.TestMethodTestDescriptor.invokeTestMethod(TestMethodTestDescriptor.java:213)
		at org.junit.jupiter.engine.descriptor.TestMethodTestDescriptor.execute(TestMethodTestDescriptor.java:138)
		at org.junit.jupiter.engine.descriptor.TestMethodTestDescriptor.execute(TestMethodTestDescriptor.java:68)
		at org.junit.platform.engine.support.hierarchical.NodeTestTask.lambda$executeRecursively$6(NodeTestTask.java:151)
		at org.junit.platform.engine.support.hierarchical.ThrowableCollector.execute(ThrowableCollector.java:73)
		at org.junit.platform.engine.support.hierarchical.NodeTestTask.lambda$executeRecursively$8(NodeTestTask.java:141)
		at org.junit.platform.engine.support.hierarchical.Node.around(Node.java:137)
		at org.junit.platform.engine.support.hierarchical.NodeTestTask.lambda$executeRecursively$9(NodeTestTask.java:139)
		at org.junit.platform.engine.support.hierarchical.ThrowableCollector.execute(ThrowableCollector.java:73)
		at org.junit.platform.engine.support.hierarchical.NodeTestTask.executeRecursively(NodeTestTask.java:138)
		at org.junit.platform.engine.support.hierarchical.NodeTestTask.execute(NodeTestTask.java:95)
		at java.base/java.util.ArrayList.forEach(ArrayList.java:1511)
		at org.junit.platform.engine.support.hierarchical.SameThreadHierarchicalTestExecutorService.invokeAll(SameThreadHierarchicalTestExecutorService.java:41)
		at org.junit.platform.engine.support.hierarchical.NodeTestTask.lambda$executeRecursively$6(NodeTestTask.java:155)
		at org.junit.platform.engine.support.hierarchical.ThrowableCollector.execute(ThrowableCollector.java:73)
		at org.junit.platform.engine.support.hierarchical.NodeTestTask.lambda$executeRecursively$8(NodeTestTask.java:141)
		at org.junit.platform.engine.support.hierarchical.Node.around(Node.java:137)
		at org.junit.platform.engine.support.hierarchical.NodeTestTask.lambda$executeRecursively$9(NodeTestTask.java:139)
		at org.junit.platform.engine.support.hierarchical.ThrowableCollector.execute(ThrowableCollector.java:73)
		at org.junit.platform.engine.support.hierarchical.NodeTestTask.executeRecursively(NodeTestTask.java:138)
		at org.junit.platform.engine.support.hierarchical.NodeTestTask.execute(NodeTestTask.java:95)
		at java.base/java.util.ArrayList.forEach(ArrayList.java:1511)
		at org.junit.platform.engine.support.hierarchical.SameThreadHierarchicalTestExecutorService.invokeAll(SameThreadHierarchicalTestExecutorService.java:41)
		at org.junit.platform.engine.support.hierarchical.NodeTestTask.lambda$executeRecursively$6(NodeTestTask.java:155)
		at org.junit.platform.engine.support.hierarchical.ThrowableCollector.execute(ThrowableCollector.java:73)
		at org.junit.platform.engine.support.hierarchical.NodeTestTask.lambda$executeRecursively$8(NodeTestTask.java:141)
		at org.junit.platform.engine.support.hierarchical.Node.around(Node.java:137)
		at org.junit.platform.engine.support.hierarchical.NodeTestTask.lambda$executeRecursively$9(NodeTestTask.java:139)
		at org.junit.platform.engine.support.hierarchical.ThrowableCollector.execute(ThrowableCollector.java:73)
		at org.junit.platform.engine.support.hierarchical.NodeTestTask.executeRecursively(NodeTestTask.java:138)
		at org.junit.platform.engine.support.hierarchical.NodeTestTask.execute(NodeTestTask.java:95)
		at org.junit.platform.engine.support.hierarchical.SameThreadHierarchicalTestExecutorService.submit(SameThreadHierarchicalTestExecutorService.java:35)
		at org.junit.platform.engine.support.hierarchical.HierarchicalTestExecutor.execute(HierarchicalTestExecutor.java:57)
		at org.junit.platform.engine.support.hierarchical.HierarchicalTestEngine.execute(HierarchicalTestEngine.java:54)
		at org.junit.platform.launcher.core.EngineExecutionOrchestrator.execute(EngineExecutionOrchestrator.java:107)
		at org.junit.platform.launcher.core.EngineExecutionOrchestrator.execute(EngineExecutionOrchestrator.java:88)
		at org.junit.platform.launcher.core.EngineExecutionOrchestrator.lambda$execute$0(EngineExecutionOrchestrator.java:54)
		at org.junit.platform.launcher.core.EngineExecutionOrchestrator.withInterceptedStreams(EngineExecutionOrchestrator.java:67)
		at org.junit.platform.launcher.core.EngineExecutionOrchestrator.execute(EngineExecutionOrchestrator.java:52)
		at org.junit.platform.launcher.core.DefaultLauncher.execute(DefaultLauncher.java:114)
		at org.junit.platform.launcher.core.DefaultLauncher.execute(DefaultLauncher.java:86)
		at org.junit.platform.launcher.core.DefaultLauncherSession$DelegatingLauncher.execute(DefaultLauncherSession.java:86)
		at org.gradle.api.internal.tasks.testing.junitplatform.JUnitPlatformTestClassProcessor$CollectAllTestClassesExecutor.processAllTestClasses(JUnitPlatformTestClassProcessor.java:110)
		at org.gradle.api.internal.tasks.testing.junitplatform.JUnitPlatformTestClassProcessor$CollectAllTestClassesExecutor.access$000(JUnitPlatformTestClassProcessor.java:90)
		at org.gradle.api.internal.tasks.testing.junitplatform.JUnitPlatformTestClassProcessor.stop(JUnitPlatformTestClassProcessor.java:85)
		at org.gradle.api.internal.tasks.testing.SuiteTestClassProcessor.stop(SuiteTestClassProcessor.java:62)
		at java.base/jdk.internal.reflect.NativeMethodAccessorImpl.invoke0(Native Method)
		at java.base/jdk.internal.reflect.NativeMethodAccessorImpl.invoke(NativeMethodAccessorImpl.java:77)
		at java.base/jdk.internal.reflect.DelegatingMethodAccessorImpl.invoke(DelegatingMethodAccessorImpl.java:43)
		at java.base/java.lang.reflect.Method.invoke(Method.java:568)
		at org.gradle.internal.dispatch.ReflectionDispatch.dispatch(ReflectionDispatch.java:36)
		at org.gradle.internal.dispatch.ReflectionDispatch.dispatch(ReflectionDispatch.java:24)
		at org.gradle.internal.dispatch.ContextClassLoaderDispatch.dispatch(ContextClassLoaderDispatch.java:33)
		at org.gradle.internal.dispatch.ProxyDispatchAdapter$DispatchingInvocationHandler.invoke(ProxyDispatchAdapter.java:94)
		at jdk.proxy1/jdk.proxy1.$Proxy2.stop(Unknown Source)
		at org.gradle.api.internal.tasks.testing.worker.TestWorker$3.run(TestWorker.java:193)
		at org.gradle.api.internal.tasks.testing.worker.TestWorker.executeAndMaintainThreadName(TestWorker.java:129)
		at org.gradle.api.internal.tasks.testing.worker.TestWorker.execute(TestWorker.java:100)
		at org.gradle.api.internal.tasks.testing.worker.TestWorker.execute(TestWorker.java:60)
		at org.gradle.process.internal.worker.child.ActionExecutionWorker.execute(ActionExecutionWorker.java:56)
		at org.gradle.process.internal.worker.child.SystemApplicationClassLoaderWorker.call(SystemApplicationClassLoaderWorker.java:113)
		at org.gradle.process.internal.worker.child.SystemApplicationClassLoaderWorker.call(SystemApplicationClassLoaderWorker.java:65)
		at worker.org.gradle.process.internal.worker.GradleWorkerMain.run(GradleWorkerMain.java:69)
		at worker.org.gradle.process.internal.worker.GradleWorkerMain.main(GradleWorkerMain.java:74)
Caused by: com.fasterxml.jackson.databind.exc.MismatchedInputException: Cannot deserialize value of type `com.fedex.aggregation.service.model.AggregatedResponse` from Array value (token `JsonToken.START_ARRAY`)
 at [Source: (org.springframework.core.io.buffer.DataBufferInputStream); line: 1, column: 1]
	at app//com.fasterxml.jackson.databind.exc.MismatchedInputException.from(MismatchedInputException.java:59)
	at app//com.fasterxml.jackson.databind.DeserializationContext.reportInputMismatch(DeserializationContext.java:1746)
	at app//com.fasterxml.jackson.databind.DeserializationContext.handleUnexpectedToken(DeserializationContext.java:1520)
	at app//com.fasterxml.jackson.databind.DeserializationContext.handleUnexpectedToken(DeserializationContext.java:1467)
	at app//com.fasterxml.jackson.databind.deser.BeanDeserializer._deserializeFromArray(BeanDeserializer.java:650)
	at app//com.fasterxml.jackson.databind.deser.BeanDeserializer._deserializeOther(BeanDeserializer.java:211)
	at app//com.fasterxml.jackson.databind.deser.BeanDeserializer.deserialize(BeanDeserializer.java:187)
	at app//com.fasterxml.jackson.databind.deser.DefaultDeserializationContext.readRootValue(DefaultDeserializationContext.java:323)
	at app//com.fasterxml.jackson.databind.ObjectReader._bindAndClose(ObjectReader.java:2105)
	at app//com.fasterxml.jackson.databind.ObjectReader.readValue(ObjectReader.java:1481)
	at app//org.springframework.http.codec.json.AbstractJackson2Decoder.decode(AbstractJackson2Decoder.java:204)
	at app//org.springframework.http.codec.json.AbstractJackson2Decoder.lambda$decodeToMono$2(AbstractJackson2Decoder.java:189)
	at app//reactor.core.publisher.MonoFlatMap$FlatMapMain.onNext(MonoFlatMap.java:132)
	at app//reactor.core.publisher.FluxContextWrite$ContextWriteSubscriber.onNext(FluxContextWrite.java:107)
	at app//reactor.core.publisher.FluxMapFuseable$MapFuseableConditionalSubscriber.onNext(FluxMapFuseable.java:299)
	at app//reactor.core.publisher.FluxFilterFuseable$FilterFuseableConditionalSubscriber.onNext(FluxFilterFuseable.java:337)
	at app//reactor.core.publisher.Operators$BaseFluxToMonoOperator.completePossiblyEmpty(Operators.java:2071)
	at app//reactor.core.publisher.MonoCollect$CollectSubscriber.onComplete(MonoCollect.java:145)
	at app//reactor.core.publisher.FluxMap$MapSubscriber.onComplete(FluxMap.java:144)
	at app//reactor.core.publisher.FluxPeek$PeekSubscriber.onComplete(FluxPeek.java:260)
	at app//reactor.core.publisher.FluxMap$MapSubscriber.onComplete(FluxMap.java:144)
	at app//reactor.netty.channel.FluxReceive.onInboundComplete(FluxReceive.java:415)
	at app//reactor.netty.channel.ChannelOperations.onInboundComplete(ChannelOperations.java:431)
	at app//reactor.netty.channel.ChannelOperations.terminate(ChannelOperations.java:485)
	at app//reactor.netty.http.client.HttpClientOperations.onInboundNext(HttpClientOperations.java:712)
	at app//reactor.netty.channel.ChannelOperationsHandler.channelRead(ChannelOperationsHandler.java:113)
	at app//io.netty.channel.AbstractChannelHandlerContext.invokeChannelRead(AbstractChannelHandlerContext.java:444)
	at app//io.netty.channel.AbstractChannelHandlerContext.invokeChannelRead(AbstractChannelHandlerContext.java:420)
	at app//io.netty.channel.AbstractChannelHandlerContext.fireChannelRead(AbstractChannelHandlerContext.java:412)
	at app//io.netty.handler.codec.MessageToMessageDecoder.channelRead(MessageToMessageDecoder.java:103)
	at app//io.netty.channel.AbstractChannelHandlerContext.invokeChannelRead(AbstractChannelHandlerContext.java:444)
	at app//io.netty.channel.AbstractChannelHandlerContext.invokeChannelRead(AbstractChannelHandlerContext.java:420)
	at app//io.netty.channel.AbstractChannelHandlerContext.fireChannelRead(AbstractChannelHandlerContext.java:412)
	at app//io.netty.channel.CombinedChannelDuplexHandler$DelegatingChannelHandlerContext.fireChannelRead(CombinedChannelDuplexHandler.java:436)
	at app//io.netty.handler.codec.ByteToMessageDecoder.fireChannelRead(ByteToMessageDecoder.java:346)
	at app//io.netty.handler.codec.ByteToMessageDecoder.channelRead(ByteToMessageDecoder.java:318)
	at app//io.netty.channel.CombinedChannelDuplexHandler.channelRead(CombinedChannelDuplexHandler.java:251)
	at app//io.netty.channel.AbstractChannelHandlerContext.invokeChannelRead(AbstractChannelHandlerContext.java:442)
	at app//io.netty.channel.AbstractChannelHandlerContext.invokeChannelRead(AbstractChannelHandlerContext.java:420)
	at app//io.netty.channel.AbstractChannelHandlerContext.fireChannelRead(AbstractChannelHandlerContext.java:412)
	at app//io.netty.channel.DefaultChannelPipeline$HeadContext.channelRead(DefaultChannelPipeline.java:1410)
	at app//io.netty.channel.AbstractChannelHandlerContext.invokeChannelRead(AbstractChannelHandlerContext.java:440)
	at app//io.netty.channel.AbstractChannelHandlerContext.invokeChannelRead(AbstractChannelHandlerContext.java:420)
	at app//io.netty.channel.DefaultChannelPipeline.fireChannelRead(DefaultChannelPipeline.java:919)
	at app//io.netty.channel.nio.AbstractNioByteChannel$NioByteUnsafe.read(AbstractNioByteChannel.java:166)
	at app//io.netty.channel.nio.NioEventLoop.processSelectedKey(NioEventLoop.java:788)
	at app//io.netty.channel.nio.NioEventLoop.processSelectedKeysOptimized(NioEventLoop.java:724)
	at app//io.netty.channel.nio.NioEventLoop.processSelectedKeys(NioEventLoop.java:650)
	at app//io.netty.channel.nio.NioEventLoop.run(NioEventLoop.java:562)
	at app//io.netty.util.concurrent.SingleThreadEventExecutor$4.run(SingleThreadEventExecutor.java:997)
	at app//io.netty.util.internal.ThreadExecutorMap$2.run(ThreadExecutorMap.java:74)
	at app//io.netty.util.concurrent.FastThreadLocalRunnable.run(FastThreadLocalRunnable.java:30)
	at java.base@17.0.6/java.lang.Thread.run(Thread.java:833)
</failure>
  </testcase>
  <testcase name="testAggregationEmptyRequest()" classname="com.fedex.aggregation.service.AggregationIntegrationTest" time="4.037">
    <failure message="java.lang.AssertionError: &#10;Expecting actual not to be null" type="java.lang.AssertionError">java.lang.AssertionError: 
Expecting actual not to be null
	at com.fedex.aggregation.service.AggregationIntegrationTest.testAggregationEmptyRequest(AggregationIntegrationTest.java:73)
	at java.base/jdk.internal.reflect.NativeMethodAccessorImpl.invoke0(Native Method)
	at java.base/jdk.internal.reflect.NativeMethodAccessorImpl.invoke(NativeMethodAccessorImpl.java:77)
	at java.base/jdk.internal.reflect.DelegatingMethodAccessorImpl.invoke(DelegatingMethodAccessorImpl.java:43)
	at java.base/java.lang.reflect.Method.invoke(Method.java:568)
	at org.junit.platform.commons.util.ReflectionUtils.invokeMethod(ReflectionUtils.java:727)
	at org.junit.jupiter.engine.execution.MethodInvocation.proceed(MethodInvocation.java:60)
	at org.junit.jupiter.engine.execution.InvocationInterceptorChain$ValidatingInvocation.proceed(InvocationInterceptorChain.java:131)
	at org.junit.jupiter.engine.extension.TimeoutExtension.intercept(TimeoutExtension.java:156)
	at org.junit.jupiter.engine.extension.TimeoutExtension.interceptTestableMethod(TimeoutExtension.java:147)
	at org.junit.jupiter.engine.extension.TimeoutExtension.interceptTestMethod(TimeoutExtension.java:86)
	at org.junit.jupiter.engine.execution.InterceptingExecutableInvoker$ReflectiveInterceptorCall.lambda$ofVoidMethod$0(InterceptingExecutableInvoker.java:103)
	at org.junit.jupiter.engine.execution.InterceptingExecutableInvoker.lambda$invoke$0(InterceptingExecutableInvoker.java:93)
	at org.junit.jupiter.engine.execution.InvocationInterceptorChain$InterceptedInvocation.proceed(InvocationInterceptorChain.java:106)
	at org.junit.jupiter.engine.execution.InvocationInterceptorChain.proceed(InvocationInterceptorChain.java:64)
	at org.junit.jupiter.engine.execution.InvocationInterceptorChain.chainAndInvoke(InvocationInterceptorChain.java:45)
	at org.junit.jupiter.engine.execution.InvocationInterceptorChain.invoke(InvocationInterceptorChain.java:37)
	at org.junit.jupiter.engine.execution.InterceptingExecutableInvoker.invoke(InterceptingExecutableInvoker.java:92)
	at org.junit.jupiter.engine.execution.InterceptingExecutableInvoker.invoke(InterceptingExecutableInvoker.java:86)
	at org.junit.jupiter.engine.descriptor.TestMethodTestDescriptor.lambda$invokeTestMethod$7(TestMethodTestDescriptor.java:217)
	at org.junit.platform.engine.support.hierarchical.ThrowableCollector.execute(ThrowableCollector.java:73)
	at org.junit.jupiter.engine.descriptor.TestMethodTestDescriptor.invokeTestMethod(TestMethodTestDescriptor.java:213)
	at org.junit.jupiter.engine.descriptor.TestMethodTestDescriptor.execute(TestMethodTestDescriptor.java:138)
	at org.junit.jupiter.engine.descriptor.TestMethodTestDescriptor.execute(TestMethodTestDescriptor.java:68)
	at org.junit.platform.engine.support.hierarchical.NodeTestTask.lambda$executeRecursively$6(NodeTestTask.java:151)
	at org.junit.platform.engine.support.hierarchical.ThrowableCollector.execute(ThrowableCollector.java:73)
	at org.junit.platform.engine.support.hierarchical.NodeTestTask.lambda$executeRecursively$8(NodeTestTask.java:141)
	at org.junit.platform.engine.support.hierarchical.Node.around(Node.java:137)
	at org.junit.platform.engine.support.hierarchical.NodeTestTask.lambda$executeRecursively$9(NodeTestTask.java:139)
	at org.junit.platform.engine.support.hierarchical.ThrowableCollector.execute(ThrowableCollector.java:73)
	at org.junit.platform.engine.support.hierarchical.NodeTestTask.executeRecursively(NodeTestTask.java:138)
	at org.junit.platform.engine.support.hierarchical.NodeTestTask.execute(NodeTestTask.java:95)
	at java.base/java.util.ArrayList.forEach(ArrayList.java:1511)
	at org.junit.platform.engine.support.hierarchical.SameThreadHierarchicalTestExecutorService.invokeAll(SameThreadHierarchicalTestExecutorService.java:41)
	at org.junit.platform.engine.support.hierarchical.NodeTestTask.lambda$executeRecursively$6(NodeTestTask.java:155)
	at org.junit.platform.engine.support.hierarchical.ThrowableCollector.execute(ThrowableCollector.java:73)
	at org.junit.platform.engine.support.hierarchical.NodeTestTask.lambda$executeRecursively$8(NodeTestTask.java:141)
	at org.junit.platform.engine.support.hierarchical.Node.around(Node.java:137)
	at org.junit.platform.engine.support.hierarchical.NodeTestTask.lambda$executeRecursively$9(NodeTestTask.java:139)
	at org.junit.platform.engine.support.hierarchical.ThrowableCollector.execute(ThrowableCollector.java:73)
	at org.junit.platform.engine.support.hierarchical.NodeTestTask.executeRecursively(NodeTestTask.java:138)
	at org.junit.platform.engine.support.hierarchical.NodeTestTask.execute(NodeTestTask.java:95)
	at java.base/java.util.ArrayList.forEach(ArrayList.java:1511)
	at org.junit.platform.engine.support.hierarchical.SameThreadHierarchicalTestExecutorService.invokeAll(SameThreadHierarchicalTestExecutorService.java:41)
	at org.junit.platform.engine.support.hierarchical.NodeTestTask.lambda$executeRecursively$6(NodeTestTask.java:155)
	at org.junit.platform.engine.support.hierarchical.ThrowableCollector.execute(ThrowableCollector.java:73)
	at org.junit.platform.engine.support.hierarchical.NodeTestTask.lambda$executeRecursively$8(NodeTestTask.java:141)
	at org.junit.platform.engine.support.hierarchical.Node.around(Node.java:137)
	at org.junit.platform.engine.support.hierarchical.NodeTestTask.lambda$executeRecursively$9(NodeTestTask.java:139)
	at org.junit.platform.engine.support.hierarchical.ThrowableCollector.execute(ThrowableCollector.java:73)
	at org.junit.platform.engine.support.hierarchical.NodeTestTask.executeRecursively(NodeTestTask.java:138)
	at org.junit.platform.engine.support.hierarchical.NodeTestTask.execute(NodeTestTask.java:95)
	at org.junit.platform.engine.support.hierarchical.SameThreadHierarchicalTestExecutorService.submit(SameThreadHierarchicalTestExecutorService.java:35)
	at org.junit.platform.engine.support.hierarchical.HierarchicalTestExecutor.execute(HierarchicalTestExecutor.java:57)
	at org.junit.platform.engine.support.hierarchical.HierarchicalTestEngine.execute(HierarchicalTestEngine.java:54)
	at org.junit.platform.launcher.core.EngineExecutionOrchestrator.execute(EngineExecutionOrchestrator.java:107)
	at org.junit.platform.launcher.core.EngineExecutionOrchestrator.execute(EngineExecutionOrchestrator.java:88)
	at org.junit.platform.launcher.core.EngineExecutionOrchestrator.lambda$execute$0(EngineExecutionOrchestrator.java:54)
	at org.junit.platform.launcher.core.EngineExecutionOrchestrator.withInterceptedStreams(EngineExecutionOrchestrator.java:67)
	at org.junit.platform.launcher.core.EngineExecutionOrchestrator.execute(EngineExecutionOrchestrator.java:52)
	at org.junit.platform.launcher.core.DefaultLauncher.execute(DefaultLauncher.java:114)
	at org.junit.platform.launcher.core.DefaultLauncher.execute(DefaultLauncher.java:86)
	at org.junit.platform.launcher.core.DefaultLauncherSession$DelegatingLauncher.execute(DefaultLauncherSession.java:86)
	at org.gradle.api.internal.tasks.testing.junitplatform.JUnitPlatformTestClassProcessor$CollectAllTestClassesExecutor.processAllTestClasses(JUnitPlatformTestClassProcessor.java:110)
	at org.gradle.api.internal.tasks.testing.junitplatform.JUnitPlatformTestClassProcessor$CollectAllTestClassesExecutor.access$000(JUnitPlatformTestClassProcessor.java:90)
	at org.gradle.api.internal.tasks.testing.junitplatform.JUnitPlatformTestClassProcessor.stop(JUnitPlatformTestClassProcessor.java:85)
	at org.gradle.api.internal.tasks.testing.SuiteTestClassProcessor.stop(SuiteTestClassProcessor.java:62)
	at java.base/jdk.internal.reflect.NativeMethodAccessorImpl.invoke0(Native Method)
	at java.base/jdk.internal.reflect.NativeMethodAccessorImpl.invoke(NativeMethodAccessorImpl.java:77)
	at java.base/jdk.internal.reflect.DelegatingMethodAccessorImpl.invoke(DelegatingMethodAccessorImpl.java:43)
	at java.base/java.lang.reflect.Method.invoke(Method.java:568)
	at org.gradle.internal.dispatch.ReflectionDispatch.dispatch(ReflectionDispatch.java:36)
	at org.gradle.internal.dispatch.ReflectionDispatch.dispatch(ReflectionDispatch.java:24)
	at org.gradle.internal.dispatch.ContextClassLoaderDispatch.dispatch(ContextClassLoaderDispatch.java:33)
	at org.gradle.internal.dispatch.ProxyDispatchAdapter$DispatchingInvocationHandler.invoke(ProxyDispatchAdapter.java:94)
	at jdk.proxy1/jdk.proxy1.$Proxy2.stop(Unknown Source)
	at org.gradle.api.internal.tasks.testing.worker.TestWorker$3.run(TestWorker.java:193)
	at org.gradle.api.internal.tasks.testing.worker.TestWorker.executeAndMaintainThreadName(TestWorker.java:129)
	at org.gradle.api.internal.tasks.testing.worker.TestWorker.execute(TestWorker.java:100)
	at org.gradle.api.internal.tasks.testing.worker.TestWorker.execute(TestWorker.java:60)
	at org.gradle.process.internal.worker.child.ActionExecutionWorker.execute(ActionExecutionWorker.java:56)
	at org.gradle.process.internal.worker.child.SystemApplicationClassLoaderWorker.call(SystemApplicationClassLoaderWorker.java:113)
	at org.gradle.process.internal.worker.child.SystemApplicationClassLoaderWorker.call(SystemApplicationClassLoaderWorker.java:65)
	at worker.org.gradle.process.internal.worker.GradleWorkerMain.run(GradleWorkerMain.java:69)
	at worker.org.gradle.process.internal.worker.GradleWorkerMain.main(GradleWorkerMain.java:74)
</failure>
  </testcase>
  <testcase name="testAggregationOnlyPricingRequestParams()" classname="com.fedex.aggregation.service.AggregationIntegrationTest" time="9.018">
    <failure message="org.springframework.core.codec.DecodingException: JSON decoding error: Cannot deserialize value of type `com.fedex.aggregation.service.model.AggregatedResponse` from Array value (token `JsonToken.START_ARRAY`)" type="org.springframework.core.codec.DecodingException">org.springframework.core.codec.DecodingException: JSON decoding error: Cannot deserialize value of type `com.fedex.aggregation.service.model.AggregatedResponse` from Array value (token `JsonToken.START_ARRAY`)
	at app//org.springframework.http.codec.json.AbstractJackson2Decoder.processException(AbstractJackson2Decoder.java:273)
	Suppressed: The stacktrace has been enhanced by Reactor, refer to additional information below: 
Error has been observed at the following site(s):
	*__checkpoint ⇢ Body from GET http://localhost:59697/aggregation?pricing=NL,CN [DefaultClientResponse]
Original Stack Trace:
		at app//org.springframework.http.codec.json.AbstractJackson2Decoder.processException(AbstractJackson2Decoder.java:273)
		at app//org.springframework.http.codec.json.AbstractJackson2Decoder.decode(AbstractJackson2Decoder.java:209)
		at app//org.springframework.http.codec.json.AbstractJackson2Decoder.lambda$decodeToMono$2(AbstractJackson2Decoder.java:189)
		at app//reactor.core.publisher.MonoFlatMap$FlatMapMain.onNext(MonoFlatMap.java:132)
		at app//reactor.core.publisher.FluxContextWrite$ContextWriteSubscriber.onNext(FluxContextWrite.java:107)
		at app//reactor.core.publisher.FluxMapFuseable$MapFuseableConditionalSubscriber.onNext(FluxMapFuseable.java:299)
		at app//reactor.core.publisher.FluxFilterFuseable$FilterFuseableConditionalSubscriber.onNext(FluxFilterFuseable.java:337)
		at app//reactor.core.publisher.Operators$BaseFluxToMonoOperator.completePossiblyEmpty(Operators.java:2071)
		at app//reactor.core.publisher.MonoCollect$CollectSubscriber.onComplete(MonoCollect.java:145)
		at app//reactor.core.publisher.FluxMap$MapSubscriber.onComplete(FluxMap.java:144)
		at app//reactor.core.publisher.FluxPeek$PeekSubscriber.onComplete(FluxPeek.java:260)
		at app//reactor.core.publisher.FluxMap$MapSubscriber.onComplete(FluxMap.java:144)
		at app//reactor.netty.channel.FluxReceive.onInboundComplete(FluxReceive.java:415)
		at app//reactor.netty.channel.ChannelOperations.onInboundComplete(ChannelOperations.java:431)
		at app//reactor.netty.channel.ChannelOperations.terminate(ChannelOperations.java:485)
		at app//reactor.netty.http.client.HttpClientOperations.onInboundNext(HttpClientOperations.java:712)
		at app//reactor.netty.channel.ChannelOperationsHandler.channelRead(ChannelOperationsHandler.java:113)
		at app//io.netty.channel.AbstractChannelHandlerContext.invokeChannelRead(AbstractChannelHandlerContext.java:444)
		at app//io.netty.channel.AbstractChannelHandlerContext.invokeChannelRead(AbstractChannelHandlerContext.java:420)
		at app//io.netty.channel.AbstractChannelHandlerContext.fireChannelRead(AbstractChannelHandlerContext.java:412)
		at app//io.netty.handler.codec.MessageToMessageDecoder.channelRead(MessageToMessageDecoder.java:103)
		at app//io.netty.channel.AbstractChannelHandlerContext.invokeChannelRead(AbstractChannelHandlerContext.java:444)
		at app//io.netty.channel.AbstractChannelHandlerContext.invokeChannelRead(AbstractChannelHandlerContext.java:420)
		at app//io.netty.channel.AbstractChannelHandlerContext.fireChannelRead(AbstractChannelHandlerContext.java:412)
		at app//io.netty.channel.CombinedChannelDuplexHandler$DelegatingChannelHandlerContext.fireChannelRead(CombinedChannelDuplexHandler.java:436)
		at app//io.netty.handler.codec.ByteToMessageDecoder.fireChannelRead(ByteToMessageDecoder.java:346)
		at app//io.netty.handler.codec.ByteToMessageDecoder.channelRead(ByteToMessageDecoder.java:318)
		at app//io.netty.channel.CombinedChannelDuplexHandler.channelRead(CombinedChannelDuplexHandler.java:251)
		at app//io.netty.channel.AbstractChannelHandlerContext.invokeChannelRead(AbstractChannelHandlerContext.java:442)
		at app//io.netty.channel.AbstractChannelHandlerContext.invokeChannelRead(AbstractChannelHandlerContext.java:420)
		at app//io.netty.channel.AbstractChannelHandlerContext.fireChannelRead(AbstractChannelHandlerContext.java:412)
		at app//io.netty.channel.DefaultChannelPipeline$HeadContext.channelRead(DefaultChannelPipeline.java:1410)
		at app//io.netty.channel.AbstractChannelHandlerContext.invokeChannelRead(AbstractChannelHandlerContext.java:440)
		at app//io.netty.channel.AbstractChannelHandlerContext.invokeChannelRead(AbstractChannelHandlerContext.java:420)
		at app//io.netty.channel.DefaultChannelPipeline.fireChannelRead(DefaultChannelPipeline.java:919)
		at app//io.netty.channel.nio.AbstractNioByteChannel$NioByteUnsafe.read(AbstractNioByteChannel.java:166)
		at app//io.netty.channel.nio.NioEventLoop.processSelectedKey(NioEventLoop.java:788)
		at app//io.netty.channel.nio.NioEventLoop.processSelectedKeysOptimized(NioEventLoop.java:724)
		at app//io.netty.channel.nio.NioEventLoop.processSelectedKeys(NioEventLoop.java:650)
		at app//io.netty.channel.nio.NioEventLoop.run(NioEventLoop.java:562)
		at app//io.netty.util.concurrent.SingleThreadEventExecutor$4.run(SingleThreadEventExecutor.java:997)
		at app//io.netty.util.internal.ThreadExecutorMap$2.run(ThreadExecutorMap.java:74)
		at app//io.netty.util.concurrent.FastThreadLocalRunnable.run(FastThreadLocalRunnable.java:30)
		at java.base@17.0.6/java.lang.Thread.run(Thread.java:833)
	Suppressed: java.lang.Exception: #block terminated with an error
		at reactor.core.publisher.BlockingSingleSubscriber.blockingGet(BlockingSingleSubscriber.java:99)
		at reactor.core.publisher.Mono.block(Mono.java:1710)
		at com.fedex.aggregation.service.AggregationIntegrationTest.getCall(AggregationIntegrationTest.java:130)
		at com.fedex.aggregation.service.AggregationIntegrationTest.testAggregationOnlyPricingRequestParams(AggregationIntegrationTest.java:86)
		at java.base/jdk.internal.reflect.NativeMethodAccessorImpl.invoke0(Native Method)
		at java.base/jdk.internal.reflect.NativeMethodAccessorImpl.invoke(NativeMethodAccessorImpl.java:77)
		at java.base/jdk.internal.reflect.DelegatingMethodAccessorImpl.invoke(DelegatingMethodAccessorImpl.java:43)
		at java.base/java.lang.reflect.Method.invoke(Method.java:568)
		at org.junit.platform.commons.util.ReflectionUtils.invokeMethod(ReflectionUtils.java:727)
		at org.junit.jupiter.engine.execution.MethodInvocation.proceed(MethodInvocation.java:60)
		at org.junit.jupiter.engine.execution.InvocationInterceptorChain$ValidatingInvocation.proceed(InvocationInterceptorChain.java:131)
		at org.junit.jupiter.engine.extension.TimeoutExtension.intercept(TimeoutExtension.java:156)
		at org.junit.jupiter.engine.extension.TimeoutExtension.interceptTestableMethod(TimeoutExtension.java:147)
		at org.junit.jupiter.engine.extension.TimeoutExtension.interceptTestMethod(TimeoutExtension.java:86)
		at org.junit.jupiter.engine.execution.InterceptingExecutableInvoker$ReflectiveInterceptorCall.lambda$ofVoidMethod$0(InterceptingExecutableInvoker.java:103)
		at org.junit.jupiter.engine.execution.InterceptingExecutableInvoker.lambda$invoke$0(InterceptingExecutableInvoker.java:93)
		at org.junit.jupiter.engine.execution.InvocationInterceptorChain$InterceptedInvocation.proceed(InvocationInterceptorChain.java:106)
		at org.junit.jupiter.engine.execution.InvocationInterceptorChain.proceed(InvocationInterceptorChain.java:64)
		at org.junit.jupiter.engine.execution.InvocationInterceptorChain.chainAndInvoke(InvocationInterceptorChain.java:45)
		at org.junit.jupiter.engine.execution.InvocationInterceptorChain.invoke(InvocationInterceptorChain.java:37)
		at org.junit.jupiter.engine.execution.InterceptingExecutableInvoker.invoke(InterceptingExecutableInvoker.java:92)
		at org.junit.jupiter.engine.execution.InterceptingExecutableInvoker.invoke(InterceptingExecutableInvoker.java:86)
		at org.junit.jupiter.engine.descriptor.TestMethodTestDescriptor.lambda$invokeTestMethod$7(TestMethodTestDescriptor.java:217)
		at org.junit.platform.engine.support.hierarchical.ThrowableCollector.execute(ThrowableCollector.java:73)
		at org.junit.jupiter.engine.descriptor.TestMethodTestDescriptor.invokeTestMethod(TestMethodTestDescriptor.java:213)
		at org.junit.jupiter.engine.descriptor.TestMethodTestDescriptor.execute(TestMethodTestDescriptor.java:138)
		at org.junit.jupiter.engine.descriptor.TestMethodTestDescriptor.execute(TestMethodTestDescriptor.java:68)
		at org.junit.platform.engine.support.hierarchical.NodeTestTask.lambda$executeRecursively$6(NodeTestTask.java:151)
		at org.junit.platform.engine.support.hierarchical.ThrowableCollector.execute(ThrowableCollector.java:73)
		at org.junit.platform.engine.support.hierarchical.NodeTestTask.lambda$executeRecursively$8(NodeTestTask.java:141)
		at org.junit.platform.engine.support.hierarchical.Node.around(Node.java:137)
		at org.junit.platform.engine.support.hierarchical.NodeTestTask.lambda$executeRecursively$9(NodeTestTask.java:139)
		at org.junit.platform.engine.support.hierarchical.ThrowableCollector.execute(ThrowableCollector.java:73)
		at org.junit.platform.engine.support.hierarchical.NodeTestTask.executeRecursively(NodeTestTask.java:138)
		at org.junit.platform.engine.support.hierarchical.NodeTestTask.execute(NodeTestTask.java:95)
		at java.base/java.util.ArrayList.forEach(ArrayList.java:1511)
		at org.junit.platform.engine.support.hierarchical.SameThreadHierarchicalTestExecutorService.invokeAll(SameThreadHierarchicalTestExecutorService.java:41)
		at org.junit.platform.engine.support.hierarchical.NodeTestTask.lambda$executeRecursively$6(NodeTestTask.java:155)
		at org.junit.platform.engine.support.hierarchical.ThrowableCollector.execute(ThrowableCollector.java:73)
		at org.junit.platform.engine.support.hierarchical.NodeTestTask.lambda$executeRecursively$8(NodeTestTask.java:141)
		at org.junit.platform.engine.support.hierarchical.Node.around(Node.java:137)
		at org.junit.platform.engine.support.hierarchical.NodeTestTask.lambda$executeRecursively$9(NodeTestTask.java:139)
		at org.junit.platform.engine.support.hierarchical.ThrowableCollector.execute(ThrowableCollector.java:73)
		at org.junit.platform.engine.support.hierarchical.NodeTestTask.executeRecursively(NodeTestTask.java:138)
		at org.junit.platform.engine.support.hierarchical.NodeTestTask.execute(NodeTestTask.java:95)
		at java.base/java.util.ArrayList.forEach(ArrayList.java:1511)
		at org.junit.platform.engine.support.hierarchical.SameThreadHierarchicalTestExecutorService.invokeAll(SameThreadHierarchicalTestExecutorService.java:41)
		at org.junit.platform.engine.support.hierarchical.NodeTestTask.lambda$executeRecursively$6(NodeTestTask.java:155)
		at org.junit.platform.engine.support.hierarchical.ThrowableCollector.execute(ThrowableCollector.java:73)
		at org.junit.platform.engine.support.hierarchical.NodeTestTask.lambda$executeRecursively$8(NodeTestTask.java:141)
		at org.junit.platform.engine.support.hierarchical.Node.around(Node.java:137)
		at org.junit.platform.engine.support.hierarchical.NodeTestTask.lambda$executeRecursively$9(NodeTestTask.java:139)
		at org.junit.platform.engine.support.hierarchical.ThrowableCollector.execute(ThrowableCollector.java:73)
		at org.junit.platform.engine.support.hierarchical.NodeTestTask.executeRecursively(NodeTestTask.java:138)
		at org.junit.platform.engine.support.hierarchical.NodeTestTask.execute(NodeTestTask.java:95)
		at org.junit.platform.engine.support.hierarchical.SameThreadHierarchicalTestExecutorService.submit(SameThreadHierarchicalTestExecutorService.java:35)
		at org.junit.platform.engine.support.hierarchical.HierarchicalTestExecutor.execute(HierarchicalTestExecutor.java:57)
		at org.junit.platform.engine.support.hierarchical.HierarchicalTestEngine.execute(HierarchicalTestEngine.java:54)
		at org.junit.platform.launcher.core.EngineExecutionOrchestrator.execute(EngineExecutionOrchestrator.java:107)
		at org.junit.platform.launcher.core.EngineExecutionOrchestrator.execute(EngineExecutionOrchestrator.java:88)
		at org.junit.platform.launcher.core.EngineExecutionOrchestrator.lambda$execute$0(EngineExecutionOrchestrator.java:54)
		at org.junit.platform.launcher.core.EngineExecutionOrchestrator.withInterceptedStreams(EngineExecutionOrchestrator.java:67)
		at org.junit.platform.launcher.core.EngineExecutionOrchestrator.execute(EngineExecutionOrchestrator.java:52)
		at org.junit.platform.launcher.core.DefaultLauncher.execute(DefaultLauncher.java:114)
		at org.junit.platform.launcher.core.DefaultLauncher.execute(DefaultLauncher.java:86)
		at org.junit.platform.launcher.core.DefaultLauncherSession$DelegatingLauncher.execute(DefaultLauncherSession.java:86)
		at org.gradle.api.internal.tasks.testing.junitplatform.JUnitPlatformTestClassProcessor$CollectAllTestClassesExecutor.processAllTestClasses(JUnitPlatformTestClassProcessor.java:110)
		at org.gradle.api.internal.tasks.testing.junitplatform.JUnitPlatformTestClassProcessor$CollectAllTestClassesExecutor.access$000(JUnitPlatformTestClassProcessor.java:90)
		at org.gradle.api.internal.tasks.testing.junitplatform.JUnitPlatformTestClassProcessor.stop(JUnitPlatformTestClassProcessor.java:85)
		at org.gradle.api.internal.tasks.testing.SuiteTestClassProcessor.stop(SuiteTestClassProcessor.java:62)
		at java.base/jdk.internal.reflect.NativeMethodAccessorImpl.invoke0(Native Method)
		at java.base/jdk.internal.reflect.NativeMethodAccessorImpl.invoke(NativeMethodAccessorImpl.java:77)
		at java.base/jdk.internal.reflect.DelegatingMethodAccessorImpl.invoke(DelegatingMethodAccessorImpl.java:43)
		at java.base/java.lang.reflect.Method.invoke(Method.java:568)
		at org.gradle.internal.dispatch.ReflectionDispatch.dispatch(ReflectionDispatch.java:36)
		at org.gradle.internal.dispatch.ReflectionDispatch.dispatch(ReflectionDispatch.java:24)
		at org.gradle.internal.dispatch.ContextClassLoaderDispatch.dispatch(ContextClassLoaderDispatch.java:33)
		at org.gradle.internal.dispatch.ProxyDispatchAdapter$DispatchingInvocationHandler.invoke(ProxyDispatchAdapter.java:94)
		at jdk.proxy1/jdk.proxy1.$Proxy2.stop(Unknown Source)
		at org.gradle.api.internal.tasks.testing.worker.TestWorker$3.run(TestWorker.java:193)
		at org.gradle.api.internal.tasks.testing.worker.TestWorker.executeAndMaintainThreadName(TestWorker.java:129)
		at org.gradle.api.internal.tasks.testing.worker.TestWorker.execute(TestWorker.java:100)
		at org.gradle.api.internal.tasks.testing.worker.TestWorker.execute(TestWorker.java:60)
		at org.gradle.process.internal.worker.child.ActionExecutionWorker.execute(ActionExecutionWorker.java:56)
		at org.gradle.process.internal.worker.child.SystemApplicationClassLoaderWorker.call(SystemApplicationClassLoaderWorker.java:113)
		at org.gradle.process.internal.worker.child.SystemApplicationClassLoaderWorker.call(SystemApplicationClassLoaderWorker.java:65)
		at worker.org.gradle.process.internal.worker.GradleWorkerMain.run(GradleWorkerMain.java:69)
		at worker.org.gradle.process.internal.worker.GradleWorkerMain.main(GradleWorkerMain.java:74)
Caused by: com.fasterxml.jackson.databind.exc.MismatchedInputException: Cannot deserialize value of type `com.fedex.aggregation.service.model.AggregatedResponse` from Array value (token `JsonToken.START_ARRAY`)
 at [Source: (org.springframework.core.io.buffer.DataBufferInputStream); line: 1, column: 1]
	at app//com.fasterxml.jackson.databind.exc.MismatchedInputException.from(MismatchedInputException.java:59)
	at app//com.fasterxml.jackson.databind.DeserializationContext.reportInputMismatch(DeserializationContext.java:1746)
	at app//com.fasterxml.jackson.databind.DeserializationContext.handleUnexpectedToken(DeserializationContext.java:1520)
	at app//com.fasterxml.jackson.databind.DeserializationContext.handleUnexpectedToken(DeserializationContext.java:1467)
	at app//com.fasterxml.jackson.databind.deser.BeanDeserializer._deserializeFromArray(BeanDeserializer.java:650)
	at app//com.fasterxml.jackson.databind.deser.BeanDeserializer._deserializeOther(BeanDeserializer.java:211)
	at app//com.fasterxml.jackson.databind.deser.BeanDeserializer.deserialize(BeanDeserializer.java:187)
	at app//com.fasterxml.jackson.databind.deser.DefaultDeserializationContext.readRootValue(DefaultDeserializationContext.java:323)
	at app//com.fasterxml.jackson.databind.ObjectReader._bindAndClose(ObjectReader.java:2105)
	at app//com.fasterxml.jackson.databind.ObjectReader.readValue(ObjectReader.java:1481)
	at app//org.springframework.http.codec.json.AbstractJackson2Decoder.decode(AbstractJackson2Decoder.java:204)
	at app//org.springframework.http.codec.json.AbstractJackson2Decoder.lambda$decodeToMono$2(AbstractJackson2Decoder.java:189)
	at app//reactor.core.publisher.MonoFlatMap$FlatMapMain.onNext(MonoFlatMap.java:132)
	at app//reactor.core.publisher.FluxContextWrite$ContextWriteSubscriber.onNext(FluxContextWrite.java:107)
	at app//reactor.core.publisher.FluxMapFuseable$MapFuseableConditionalSubscriber.onNext(FluxMapFuseable.java:299)
	at app//reactor.core.publisher.FluxFilterFuseable$FilterFuseableConditionalSubscriber.onNext(FluxFilterFuseable.java:337)
	at app//reactor.core.publisher.Operators$BaseFluxToMonoOperator.completePossiblyEmpty(Operators.java:2071)
	at app//reactor.core.publisher.MonoCollect$CollectSubscriber.onComplete(MonoCollect.java:145)
	at app//reactor.core.publisher.FluxMap$MapSubscriber.onComplete(FluxMap.java:144)
	at app//reactor.core.publisher.FluxPeek$PeekSubscriber.onComplete(FluxPeek.java:260)
	at app//reactor.core.publisher.FluxMap$MapSubscriber.onComplete(FluxMap.java:144)
	at app//reactor.netty.channel.FluxReceive.onInboundComplete(FluxReceive.java:415)
	at app//reactor.netty.channel.ChannelOperations.onInboundComplete(ChannelOperations.java:431)
	at app//reactor.netty.channel.ChannelOperations.terminate(ChannelOperations.java:485)
	at app//reactor.netty.http.client.HttpClientOperations.onInboundNext(HttpClientOperations.java:712)
	at app//reactor.netty.channel.ChannelOperationsHandler.channelRead(ChannelOperationsHandler.java:113)
	at app//io.netty.channel.AbstractChannelHandlerContext.invokeChannelRead(AbstractChannelHandlerContext.java:444)
	at app//io.netty.channel.AbstractChannelHandlerContext.invokeChannelRead(AbstractChannelHandlerContext.java:420)
	at app//io.netty.channel.AbstractChannelHandlerContext.fireChannelRead(AbstractChannelHandlerContext.java:412)
	at app//io.netty.handler.codec.MessageToMessageDecoder.channelRead(MessageToMessageDecoder.java:103)
	at app//io.netty.channel.AbstractChannelHandlerContext.invokeChannelRead(AbstractChannelHandlerContext.java:444)
	at app//io.netty.channel.AbstractChannelHandlerContext.invokeChannelRead(AbstractChannelHandlerContext.java:420)
	at app//io.netty.channel.AbstractChannelHandlerContext.fireChannelRead(AbstractChannelHandlerContext.java:412)
	at app//io.netty.channel.CombinedChannelDuplexHandler$DelegatingChannelHandlerContext.fireChannelRead(CombinedChannelDuplexHandler.java:436)
	at app//io.netty.handler.codec.ByteToMessageDecoder.fireChannelRead(ByteToMessageDecoder.java:346)
	at app//io.netty.handler.codec.ByteToMessageDecoder.channelRead(ByteToMessageDecoder.java:318)
	at app//io.netty.channel.CombinedChannelDuplexHandler.channelRead(CombinedChannelDuplexHandler.java:251)
	at app//io.netty.channel.AbstractChannelHandlerContext.invokeChannelRead(AbstractChannelHandlerContext.java:442)
	at app//io.netty.channel.AbstractChannelHandlerContext.invokeChannelRead(AbstractChannelHandlerContext.java:420)
	at app//io.netty.channel.AbstractChannelHandlerContext.fireChannelRead(AbstractChannelHandlerContext.java:412)
	at app//io.netty.channel.DefaultChannelPipeline$HeadContext.channelRead(DefaultChannelPipeline.java:1410)
	at app//io.netty.channel.AbstractChannelHandlerContext.invokeChannelRead(AbstractChannelHandlerContext.java:440)
	at app//io.netty.channel.AbstractChannelHandlerContext.invokeChannelRead(AbstractChannelHandlerContext.java:420)
	at app//io.netty.channel.DefaultChannelPipeline.fireChannelRead(DefaultChannelPipeline.java:919)
	at app//io.netty.channel.nio.AbstractNioByteChannel$NioByteUnsafe.read(AbstractNioByteChannel.java:166)
	at app//io.netty.channel.nio.NioEventLoop.processSelectedKey(NioEventLoop.java:788)
	at app//io.netty.channel.nio.NioEventLoop.processSelectedKeysOptimized(NioEventLoop.java:724)
	at app//io.netty.channel.nio.NioEventLoop.processSelectedKeys(NioEventLoop.java:650)
	at app//io.netty.channel.nio.NioEventLoop.run(NioEventLoop.java:562)
	at app//io.netty.util.concurrent.SingleThreadEventExecutor$4.run(SingleThreadEventExecutor.java:997)
	at app//io.netty.util.internal.ThreadExecutorMap$2.run(ThreadExecutorMap.java:74)
	at app//io.netty.util.concurrent.FastThreadLocalRunnable.run(FastThreadLocalRunnable.java:30)
	at java.base@17.0.6/java.lang.Thread.run(Thread.java:833)
</failure>
  </testcase>
  <testcase name="testAggregation()" classname="com.fedex.aggregation.service.AggregationIntegrationTest" time="9.848">
    <failure message="org.springframework.core.codec.DecodingException: JSON decoding error: Cannot deserialize value of type `com.fedex.aggregation.service.model.AggregatedResponse` from Array value (token `JsonToken.START_ARRAY`)" type="org.springframework.core.codec.DecodingException">org.springframework.core.codec.DecodingException: JSON decoding error: Cannot deserialize value of type `com.fedex.aggregation.service.model.AggregatedResponse` from Array value (token `JsonToken.START_ARRAY`)
	at app//org.springframework.http.codec.json.AbstractJackson2Decoder.processException(AbstractJackson2Decoder.java:273)
	Suppressed: The stacktrace has been enhanced by Reactor, refer to additional information below: 
Error has been observed at the following site(s):
	*__checkpoint ⇢ Body from GET http://localhost:59697/aggregation?pricing=NL,CN&amp;track=109347263,123456891&amp;shipments=109347263,123456891 [DefaultClientResponse]
Original Stack Trace:
		at app//org.springframework.http.codec.json.AbstractJackson2Decoder.processException(AbstractJackson2Decoder.java:273)
		at app//org.springframework.http.codec.json.AbstractJackson2Decoder.decode(AbstractJackson2Decoder.java:209)
		at app//org.springframework.http.codec.json.AbstractJackson2Decoder.lambda$decodeToMono$2(AbstractJackson2Decoder.java:189)
		at app//reactor.core.publisher.MonoFlatMap$FlatMapMain.onNext(MonoFlatMap.java:132)
		at app//reactor.core.publisher.FluxContextWrite$ContextWriteSubscriber.onNext(FluxContextWrite.java:107)
		at app//reactor.core.publisher.FluxMapFuseable$MapFuseableConditionalSubscriber.onNext(FluxMapFuseable.java:299)
		at app//reactor.core.publisher.FluxFilterFuseable$FilterFuseableConditionalSubscriber.onNext(FluxFilterFuseable.java:337)
		at app//reactor.core.publisher.Operators$BaseFluxToMonoOperator.completePossiblyEmpty(Operators.java:2071)
		at app//reactor.core.publisher.MonoCollect$CollectSubscriber.onComplete(MonoCollect.java:145)
		at app//reactor.core.publisher.FluxMap$MapSubscriber.onComplete(FluxMap.java:144)
		at app//reactor.core.publisher.FluxPeek$PeekSubscriber.onComplete(FluxPeek.java:260)
		at app//reactor.core.publisher.FluxMap$MapSubscriber.onComplete(FluxMap.java:144)
		at app//reactor.netty.channel.FluxReceive.onInboundComplete(FluxReceive.java:415)
		at app//reactor.netty.channel.ChannelOperations.onInboundComplete(ChannelOperations.java:431)
		at app//reactor.netty.channel.ChannelOperations.terminate(ChannelOperations.java:485)
		at app//reactor.netty.http.client.HttpClientOperations.onInboundNext(HttpClientOperations.java:712)
		at app//reactor.netty.channel.ChannelOperationsHandler.channelRead(ChannelOperationsHandler.java:113)
		at app//io.netty.channel.AbstractChannelHandlerContext.invokeChannelRead(AbstractChannelHandlerContext.java:444)
		at app//io.netty.channel.AbstractChannelHandlerContext.invokeChannelRead(AbstractChannelHandlerContext.java:420)
		at app//io.netty.channel.AbstractChannelHandlerContext.fireChannelRead(AbstractChannelHandlerContext.java:412)
		at app//io.netty.handler.codec.MessageToMessageDecoder.channelRead(MessageToMessageDecoder.java:103)
		at app//io.netty.channel.AbstractChannelHandlerContext.invokeChannelRead(AbstractChannelHandlerContext.java:444)
		at app//io.netty.channel.AbstractChannelHandlerContext.invokeChannelRead(AbstractChannelHandlerContext.java:420)
		at app//io.netty.channel.AbstractChannelHandlerContext.fireChannelRead(AbstractChannelHandlerContext.java:412)
		at app//io.netty.channel.CombinedChannelDuplexHandler$DelegatingChannelHandlerContext.fireChannelRead(CombinedChannelDuplexHandler.java:436)
		at app//io.netty.handler.codec.ByteToMessageDecoder.fireChannelRead(ByteToMessageDecoder.java:346)
		at app//io.netty.handler.codec.ByteToMessageDecoder.channelRead(ByteToMessageDecoder.java:318)
		at app//io.netty.channel.CombinedChannelDuplexHandler.channelRead(CombinedChannelDuplexHandler.java:251)
		at app//io.netty.channel.AbstractChannelHandlerContext.invokeChannelRead(AbstractChannelHandlerContext.java:442)
		at app//io.netty.channel.AbstractChannelHandlerContext.invokeChannelRead(AbstractChannelHandlerContext.java:420)
		at app//io.netty.channel.AbstractChannelHandlerContext.fireChannelRead(AbstractChannelHandlerContext.java:412)
		at app//io.netty.channel.DefaultChannelPipeline$HeadContext.channelRead(DefaultChannelPipeline.java:1410)
		at app//io.netty.channel.AbstractChannelHandlerContext.invokeChannelRead(AbstractChannelHandlerContext.java:440)
		at app//io.netty.channel.AbstractChannelHandlerContext.invokeChannelRead(AbstractChannelHandlerContext.java:420)
		at app//io.netty.channel.DefaultChannelPipeline.fireChannelRead(DefaultChannelPipeline.java:919)
		at app//io.netty.channel.nio.AbstractNioByteChannel$NioByteUnsafe.read(AbstractNioByteChannel.java:166)
		at app//io.netty.channel.nio.NioEventLoop.processSelectedKey(NioEventLoop.java:788)
		at app//io.netty.channel.nio.NioEventLoop.processSelectedKeysOptimized(NioEventLoop.java:724)
		at app//io.netty.channel.nio.NioEventLoop.processSelectedKeys(NioEventLoop.java:650)
		at app//io.netty.channel.nio.NioEventLoop.run(NioEventLoop.java:562)
		at app//io.netty.util.concurrent.SingleThreadEventExecutor$4.run(SingleThreadEventExecutor.java:997)
		at app//io.netty.util.internal.ThreadExecutorMap$2.run(ThreadExecutorMap.java:74)
		at app//io.netty.util.concurrent.FastThreadLocalRunnable.run(FastThreadLocalRunnable.java:30)
		at java.base@17.0.6/java.lang.Thread.run(Thread.java:833)
	Suppressed: java.lang.Exception: #block terminated with an error
		at reactor.core.publisher.BlockingSingleSubscriber.blockingGet(BlockingSingleSubscriber.java:99)
		at reactor.core.publisher.Mono.block(Mono.java:1710)
		at com.fedex.aggregation.service.AggregationIntegrationTest.getCall(AggregationIntegrationTest.java:130)
		at com.fedex.aggregation.service.AggregationIntegrationTest.testAggregation(AggregationIntegrationTest.java:59)
		at java.base/jdk.internal.reflect.NativeMethodAccessorImpl.invoke0(Native Method)
		at java.base/jdk.internal.reflect.NativeMethodAccessorImpl.invoke(NativeMethodAccessorImpl.java:77)
		at java.base/jdk.internal.reflect.DelegatingMethodAccessorImpl.invoke(DelegatingMethodAccessorImpl.java:43)
		at java.base/java.lang.reflect.Method.invoke(Method.java:568)
		at org.junit.platform.commons.util.ReflectionUtils.invokeMethod(ReflectionUtils.java:727)
		at org.junit.jupiter.engine.execution.MethodInvocation.proceed(MethodInvocation.java:60)
		at org.junit.jupiter.engine.execution.InvocationInterceptorChain$ValidatingInvocation.proceed(InvocationInterceptorChain.java:131)
		at org.junit.jupiter.engine.extension.TimeoutExtension.intercept(TimeoutExtension.java:156)
		at org.junit.jupiter.engine.extension.TimeoutExtension.interceptTestableMethod(TimeoutExtension.java:147)
		at org.junit.jupiter.engine.extension.TimeoutExtension.interceptTestMethod(TimeoutExtension.java:86)
		at org.junit.jupiter.engine.execution.InterceptingExecutableInvoker$ReflectiveInterceptorCall.lambda$ofVoidMethod$0(InterceptingExecutableInvoker.java:103)
		at org.junit.jupiter.engine.execution.InterceptingExecutableInvoker.lambda$invoke$0(InterceptingExecutableInvoker.java:93)
		at org.junit.jupiter.engine.execution.InvocationInterceptorChain$InterceptedInvocation.proceed(InvocationInterceptorChain.java:106)
		at org.junit.jupiter.engine.execution.InvocationInterceptorChain.proceed(InvocationInterceptorChain.java:64)
		at org.junit.jupiter.engine.execution.InvocationInterceptorChain.chainAndInvoke(InvocationInterceptorChain.java:45)
		at org.junit.jupiter.engine.execution.InvocationInterceptorChain.invoke(InvocationInterceptorChain.java:37)
		at org.junit.jupiter.engine.execution.InterceptingExecutableInvoker.invoke(InterceptingExecutableInvoker.java:92)
		at org.junit.jupiter.engine.execution.InterceptingExecutableInvoker.invoke(InterceptingExecutableInvoker.java:86)
		at org.junit.jupiter.engine.descriptor.TestMethodTestDescriptor.lambda$invokeTestMethod$7(TestMethodTestDescriptor.java:217)
		at org.junit.platform.engine.support.hierarchical.ThrowableCollector.execute(ThrowableCollector.java:73)
		at org.junit.jupiter.engine.descriptor.TestMethodTestDescriptor.invokeTestMethod(TestMethodTestDescriptor.java:213)
		at org.junit.jupiter.engine.descriptor.TestMethodTestDescriptor.execute(TestMethodTestDescriptor.java:138)
		at org.junit.jupiter.engine.descriptor.TestMethodTestDescriptor.execute(TestMethodTestDescriptor.java:68)
		at org.junit.platform.engine.support.hierarchical.NodeTestTask.lambda$executeRecursively$6(NodeTestTask.java:151)
		at org.junit.platform.engine.support.hierarchical.ThrowableCollector.execute(ThrowableCollector.java:73)
		at org.junit.platform.engine.support.hierarchical.NodeTestTask.lambda$executeRecursively$8(NodeTestTask.java:141)
		at org.junit.platform.engine.support.hierarchical.Node.around(Node.java:137)
		at org.junit.platform.engine.support.hierarchical.NodeTestTask.lambda$executeRecursively$9(NodeTestTask.java:139)
		at org.junit.platform.engine.support.hierarchical.ThrowableCollector.execute(ThrowableCollector.java:73)
		at org.junit.platform.engine.support.hierarchical.NodeTestTask.executeRecursively(NodeTestTask.java:138)
		at org.junit.platform.engine.support.hierarchical.NodeTestTask.execute(NodeTestTask.java:95)
		at java.base/java.util.ArrayList.forEach(ArrayList.java:1511)
		at org.junit.platform.engine.support.hierarchical.SameThreadHierarchicalTestExecutorService.invokeAll(SameThreadHierarchicalTestExecutorService.java:41)
		at org.junit.platform.engine.support.hierarchical.NodeTestTask.lambda$executeRecursively$6(NodeTestTask.java:155)
		at org.junit.platform.engine.support.hierarchical.ThrowableCollector.execute(ThrowableCollector.java:73)
		at org.junit.platform.engine.support.hierarchical.NodeTestTask.lambda$executeRecursively$8(NodeTestTask.java:141)
		at org.junit.platform.engine.support.hierarchical.Node.around(Node.java:137)
		at org.junit.platform.engine.support.hierarchical.NodeTestTask.lambda$executeRecursively$9(NodeTestTask.java:139)
		at org.junit.platform.engine.support.hierarchical.ThrowableCollector.execute(ThrowableCollector.java:73)
		at org.junit.platform.engine.support.hierarchical.NodeTestTask.executeRecursively(NodeTestTask.java:138)
		at org.junit.platform.engine.support.hierarchical.NodeTestTask.execute(NodeTestTask.java:95)
		at java.base/java.util.ArrayList.forEach(ArrayList.java:1511)
		at org.junit.platform.engine.support.hierarchical.SameThreadHierarchicalTestExecutorService.invokeAll(SameThreadHierarchicalTestExecutorService.java:41)
		at org.junit.platform.engine.support.hierarchical.NodeTestTask.lambda$executeRecursively$6(NodeTestTask.java:155)
		at org.junit.platform.engine.support.hierarchical.ThrowableCollector.execute(ThrowableCollector.java:73)
		at org.junit.platform.engine.support.hierarchical.NodeTestTask.lambda$executeRecursively$8(NodeTestTask.java:141)
		at org.junit.platform.engine.support.hierarchical.Node.around(Node.java:137)
		at org.junit.platform.engine.support.hierarchical.NodeTestTask.lambda$executeRecursively$9(NodeTestTask.java:139)
		at org.junit.platform.engine.support.hierarchical.ThrowableCollector.execute(ThrowableCollector.java:73)
		at org.junit.platform.engine.support.hierarchical.NodeTestTask.executeRecursively(NodeTestTask.java:138)
		at org.junit.platform.engine.support.hierarchical.NodeTestTask.execute(NodeTestTask.java:95)
		at org.junit.platform.engine.support.hierarchical.SameThreadHierarchicalTestExecutorService.submit(SameThreadHierarchicalTestExecutorService.java:35)
		at org.junit.platform.engine.support.hierarchical.HierarchicalTestExecutor.execute(HierarchicalTestExecutor.java:57)
		at org.junit.platform.engine.support.hierarchical.HierarchicalTestEngine.execute(HierarchicalTestEngine.java:54)
		at org.junit.platform.launcher.core.EngineExecutionOrchestrator.execute(EngineExecutionOrchestrator.java:107)
		at org.junit.platform.launcher.core.EngineExecutionOrchestrator.execute(EngineExecutionOrchestrator.java:88)
		at org.junit.platform.launcher.core.EngineExecutionOrchestrator.lambda$execute$0(EngineExecutionOrchestrator.java:54)
		at org.junit.platform.launcher.core.EngineExecutionOrchestrator.withInterceptedStreams(EngineExecutionOrchestrator.java:67)
		at org.junit.platform.launcher.core.EngineExecutionOrchestrator.execute(EngineExecutionOrchestrator.java:52)
		at org.junit.platform.launcher.core.DefaultLauncher.execute(DefaultLauncher.java:114)
		at org.junit.platform.launcher.core.DefaultLauncher.execute(DefaultLauncher.java:86)
		at org.junit.platform.launcher.core.DefaultLauncherSession$DelegatingLauncher.execute(DefaultLauncherSession.java:86)
		at org.gradle.api.internal.tasks.testing.junitplatform.JUnitPlatformTestClassProcessor$CollectAllTestClassesExecutor.processAllTestClasses(JUnitPlatformTestClassProcessor.java:110)
		at org.gradle.api.internal.tasks.testing.junitplatform.JUnitPlatformTestClassProcessor$CollectAllTestClassesExecutor.access$000(JUnitPlatformTestClassProcessor.java:90)
		at org.gradle.api.internal.tasks.testing.junitplatform.JUnitPlatformTestClassProcessor.stop(JUnitPlatformTestClassProcessor.java:85)
		at org.gradle.api.internal.tasks.testing.SuiteTestClassProcessor.stop(SuiteTestClassProcessor.java:62)
		at java.base/jdk.internal.reflect.NativeMethodAccessorImpl.invoke0(Native Method)
		at java.base/jdk.internal.reflect.NativeMethodAccessorImpl.invoke(NativeMethodAccessorImpl.java:77)
		at java.base/jdk.internal.reflect.DelegatingMethodAccessorImpl.invoke(DelegatingMethodAccessorImpl.java:43)
		at java.base/java.lang.reflect.Method.invoke(Method.java:568)
		at org.gradle.internal.dispatch.ReflectionDispatch.dispatch(ReflectionDispatch.java:36)
		at org.gradle.internal.dispatch.ReflectionDispatch.dispatch(ReflectionDispatch.java:24)
		at org.gradle.internal.dispatch.ContextClassLoaderDispatch.dispatch(ContextClassLoaderDispatch.java:33)
		at org.gradle.internal.dispatch.ProxyDispatchAdapter$DispatchingInvocationHandler.invoke(ProxyDispatchAdapter.java:94)
		at jdk.proxy1/jdk.proxy1.$Proxy2.stop(Unknown Source)
		at org.gradle.api.internal.tasks.testing.worker.TestWorker$3.run(TestWorker.java:193)
		at org.gradle.api.internal.tasks.testing.worker.TestWorker.executeAndMaintainThreadName(TestWorker.java:129)
		at org.gradle.api.internal.tasks.testing.worker.TestWorker.execute(TestWorker.java:100)
		at org.gradle.api.internal.tasks.testing.worker.TestWorker.execute(TestWorker.java:60)
		at org.gradle.process.internal.worker.child.ActionExecutionWorker.execute(ActionExecutionWorker.java:56)
		at org.gradle.process.internal.worker.child.SystemApplicationClassLoaderWorker.call(SystemApplicationClassLoaderWorker.java:113)
		at org.gradle.process.internal.worker.child.SystemApplicationClassLoaderWorker.call(SystemApplicationClassLoaderWorker.java:65)
		at worker.org.gradle.process.internal.worker.GradleWorkerMain.run(GradleWorkerMain.java:69)
		at worker.org.gradle.process.internal.worker.GradleWorkerMain.main(GradleWorkerMain.java:74)
Caused by: com.fasterxml.jackson.databind.exc.MismatchedInputException: Cannot deserialize value of type `com.fedex.aggregation.service.model.AggregatedResponse` from Array value (token `JsonToken.START_ARRAY`)
 at [Source: (org.springframework.core.io.buffer.DataBufferInputStream); line: 1, column: 1]
	at app//com.fasterxml.jackson.databind.exc.MismatchedInputException.from(MismatchedInputException.java:59)
	at app//com.fasterxml.jackson.databind.DeserializationContext.reportInputMismatch(DeserializationContext.java:1746)
	at app//com.fasterxml.jackson.databind.DeserializationContext.handleUnexpectedToken(DeserializationContext.java:1520)
	at app//com.fasterxml.jackson.databind.DeserializationContext.handleUnexpectedToken(DeserializationContext.java:1467)
	at app//com.fasterxml.jackson.databind.deser.BeanDeserializer._deserializeFromArray(BeanDeserializer.java:650)
	at app//com.fasterxml.jackson.databind.deser.BeanDeserializer._deserializeOther(BeanDeserializer.java:211)
	at app//com.fasterxml.jackson.databind.deser.BeanDeserializer.deserialize(BeanDeserializer.java:187)
	at app//com.fasterxml.jackson.databind.deser.DefaultDeserializationContext.readRootValue(DefaultDeserializationContext.java:323)
	at app//com.fasterxml.jackson.databind.ObjectReader._bindAndClose(ObjectReader.java:2105)
	at app//com.fasterxml.jackson.databind.ObjectReader.readValue(ObjectReader.java:1481)
	at app//org.springframework.http.codec.json.AbstractJackson2Decoder.decode(AbstractJackson2Decoder.java:204)
	at app//org.springframework.http.codec.json.AbstractJackson2Decoder.lambda$decodeToMono$2(AbstractJackson2Decoder.java:189)
	at app//reactor.core.publisher.MonoFlatMap$FlatMapMain.onNext(MonoFlatMap.java:132)
	at app//reactor.core.publisher.FluxContextWrite$ContextWriteSubscriber.onNext(FluxContextWrite.java:107)
	at app//reactor.core.publisher.FluxMapFuseable$MapFuseableConditionalSubscriber.onNext(FluxMapFuseable.java:299)
	at app//reactor.core.publisher.FluxFilterFuseable$FilterFuseableConditionalSubscriber.onNext(FluxFilterFuseable.java:337)
	at app//reactor.core.publisher.Operators$BaseFluxToMonoOperator.completePossiblyEmpty(Operators.java:2071)
	at app//reactor.core.publisher.MonoCollect$CollectSubscriber.onComplete(MonoCollect.java:145)
	at app//reactor.core.publisher.FluxMap$MapSubscriber.onComplete(FluxMap.java:144)
	at app//reactor.core.publisher.FluxPeek$PeekSubscriber.onComplete(FluxPeek.java:260)
	at app//reactor.core.publisher.FluxMap$MapSubscriber.onComplete(FluxMap.java:144)
	at app//reactor.netty.channel.FluxReceive.onInboundComplete(FluxReceive.java:415)
	at app//reactor.netty.channel.ChannelOperations.onInboundComplete(ChannelOperations.java:431)
	at app//reactor.netty.channel.ChannelOperations.terminate(ChannelOperations.java:485)
	at app//reactor.netty.http.client.HttpClientOperations.onInboundNext(HttpClientOperations.java:712)
	at app//reactor.netty.channel.ChannelOperationsHandler.channelRead(ChannelOperationsHandler.java:113)
	at app//io.netty.channel.AbstractChannelHandlerContext.invokeChannelRead(AbstractChannelHandlerContext.java:444)
	at app//io.netty.channel.AbstractChannelHandlerContext.invokeChannelRead(AbstractChannelHandlerContext.java:420)
	at app//io.netty.channel.AbstractChannelHandlerContext.fireChannelRead(AbstractChannelHandlerContext.java:412)
	at app//io.netty.handler.codec.MessageToMessageDecoder.channelRead(MessageToMessageDecoder.java:103)
	at app//io.netty.channel.AbstractChannelHandlerContext.invokeChannelRead(AbstractChannelHandlerContext.java:444)
	at app//io.netty.channel.AbstractChannelHandlerContext.invokeChannelRead(AbstractChannelHandlerContext.java:420)
	at app//io.netty.channel.AbstractChannelHandlerContext.fireChannelRead(AbstractChannelHandlerContext.java:412)
	at app//io.netty.channel.CombinedChannelDuplexHandler$DelegatingChannelHandlerContext.fireChannelRead(CombinedChannelDuplexHandler.java:436)
	at app//io.netty.handler.codec.ByteToMessageDecoder.fireChannelRead(ByteToMessageDecoder.java:346)
	at app//io.netty.handler.codec.ByteToMessageDecoder.channelRead(ByteToMessageDecoder.java:318)
	at app//io.netty.channel.CombinedChannelDuplexHandler.channelRead(CombinedChannelDuplexHandler.java:251)
	at app//io.netty.channel.AbstractChannelHandlerContext.invokeChannelRead(AbstractChannelHandlerContext.java:442)
	at app//io.netty.channel.AbstractChannelHandlerContext.invokeChannelRead(AbstractChannelHandlerContext.java:420)
	at app//io.netty.channel.AbstractChannelHandlerContext.fireChannelRead(AbstractChannelHandlerContext.java:412)
	at app//io.netty.channel.DefaultChannelPipeline$HeadContext.channelRead(DefaultChannelPipeline.java:1410)
	at app//io.netty.channel.AbstractChannelHandlerContext.invokeChannelRead(AbstractChannelHandlerContext.java:440)
	at app//io.netty.channel.AbstractChannelHandlerContext.invokeChannelRead(AbstractChannelHandlerContext.java:420)
	at app//io.netty.channel.DefaultChannelPipeline.fireChannelRead(DefaultChannelPipeline.java:919)
	at app//io.netty.channel.nio.AbstractNioByteChannel$NioByteUnsafe.read(AbstractNioByteChannel.java:166)
	at app//io.netty.channel.nio.NioEventLoop.processSelectedKey(NioEventLoop.java:788)
	at app//io.netty.channel.nio.NioEventLoop.processSelectedKeysOptimized(NioEventLoop.java:724)
	at app//io.netty.channel.nio.NioEventLoop.processSelectedKeys(NioEventLoop.java:650)
	at app//io.netty.channel.nio.NioEventLoop.run(NioEventLoop.java:562)
	at app//io.netty.util.concurrent.SingleThreadEventExecutor$4.run(SingleThreadEventExecutor.java:997)
	at app//io.netty.util.internal.ThreadExecutorMap$2.run(ThreadExecutorMap.java:74)
	at app//io.netty.util.concurrent.FastThreadLocalRunnable.run(FastThreadLocalRunnable.java:30)
	at java.base@17.0.6/java.lang.Thread.run(Thread.java:833)
</failure>
  </testcase>
  <testcase name="testAggregationOnlyShipmentsRequestParams()" classname="com.fedex.aggregation.service.AggregationIntegrationTest" time="8.926">
    <failure message="org.springframework.core.codec.DecodingException: JSON decoding error: Cannot deserialize value of type `com.fedex.aggregation.service.model.AggregatedResponse` from Array value (token `JsonToken.START_ARRAY`)" type="org.springframework.core.codec.DecodingException">org.springframework.core.codec.DecodingException: JSON decoding error: Cannot deserialize value of type `com.fedex.aggregation.service.model.AggregatedResponse` from Array value (token `JsonToken.START_ARRAY`)
	at app//org.springframework.http.codec.json.AbstractJackson2Decoder.processException(AbstractJackson2Decoder.java:273)
	Suppressed: The stacktrace has been enhanced by Reactor, refer to additional information below: 
Error has been observed at the following site(s):
	*__checkpoint ⇢ Body from GET http://localhost:59697/aggregation?shipments=109347263,123456891 [DefaultClientResponse]
Original Stack Trace:
		at app//org.springframework.http.codec.json.AbstractJackson2Decoder.processException(AbstractJackson2Decoder.java:273)
		at app//org.springframework.http.codec.json.AbstractJackson2Decoder.decode(AbstractJackson2Decoder.java:209)
		at app//org.springframework.http.codec.json.AbstractJackson2Decoder.lambda$decodeToMono$2(AbstractJackson2Decoder.java:189)
		at app//reactor.core.publisher.MonoFlatMap$FlatMapMain.onNext(MonoFlatMap.java:132)
		at app//reactor.core.publisher.FluxContextWrite$ContextWriteSubscriber.onNext(FluxContextWrite.java:107)
		at app//reactor.core.publisher.FluxMapFuseable$MapFuseableConditionalSubscriber.onNext(FluxMapFuseable.java:299)
		at app//reactor.core.publisher.FluxFilterFuseable$FilterFuseableConditionalSubscriber.onNext(FluxFilterFuseable.java:337)
		at app//reactor.core.publisher.Operators$BaseFluxToMonoOperator.completePossiblyEmpty(Operators.java:2071)
		at app//reactor.core.publisher.MonoCollect$CollectSubscriber.onComplete(MonoCollect.java:145)
		at app//reactor.core.publisher.FluxMap$MapSubscriber.onComplete(FluxMap.java:144)
		at app//reactor.core.publisher.FluxPeek$PeekSubscriber.onComplete(FluxPeek.java:260)
		at app//reactor.core.publisher.FluxMap$MapSubscriber.onComplete(FluxMap.java:144)
		at app//reactor.netty.channel.FluxReceive.onInboundComplete(FluxReceive.java:415)
		at app//reactor.netty.channel.ChannelOperations.onInboundComplete(ChannelOperations.java:431)
		at app//reactor.netty.channel.ChannelOperations.terminate(ChannelOperations.java:485)
		at app//reactor.netty.http.client.HttpClientOperations.onInboundNext(HttpClientOperations.java:712)
		at app//reactor.netty.channel.ChannelOperationsHandler.channelRead(ChannelOperationsHandler.java:113)
		at app//io.netty.channel.AbstractChannelHandlerContext.invokeChannelRead(AbstractChannelHandlerContext.java:444)
		at app//io.netty.channel.AbstractChannelHandlerContext.invokeChannelRead(AbstractChannelHandlerContext.java:420)
		at app//io.netty.channel.AbstractChannelHandlerContext.fireChannelRead(AbstractChannelHandlerContext.java:412)
		at app//io.netty.handler.codec.MessageToMessageDecoder.channelRead(MessageToMessageDecoder.java:103)
		at app//io.netty.channel.AbstractChannelHandlerContext.invokeChannelRead(AbstractChannelHandlerContext.java:444)
		at app//io.netty.channel.AbstractChannelHandlerContext.invokeChannelRead(AbstractChannelHandlerContext.java:420)
		at app//io.netty.channel.AbstractChannelHandlerContext.fireChannelRead(AbstractChannelHandlerContext.java:412)
		at app//io.netty.channel.CombinedChannelDuplexHandler$DelegatingChannelHandlerContext.fireChannelRead(CombinedChannelDuplexHandler.java:436)
		at app//io.netty.handler.codec.ByteToMessageDecoder.fireChannelRead(ByteToMessageDecoder.java:346)
		at app//io.netty.handler.codec.ByteToMessageDecoder.channelRead(ByteToMessageDecoder.java:318)
		at app//io.netty.channel.CombinedChannelDuplexHandler.channelRead(CombinedChannelDuplexHandler.java:251)
		at app//io.netty.channel.AbstractChannelHandlerContext.invokeChannelRead(AbstractChannelHandlerContext.java:442)
		at app//io.netty.channel.AbstractChannelHandlerContext.invokeChannelRead(AbstractChannelHandlerContext.java:420)
		at app//io.netty.channel.AbstractChannelHandlerContext.fireChannelRead(AbstractChannelHandlerContext.java:412)
		at app//io.netty.channel.DefaultChannelPipeline$HeadContext.channelRead(DefaultChannelPipeline.java:1410)
		at app//io.netty.channel.AbstractChannelHandlerContext.invokeChannelRead(AbstractChannelHandlerContext.java:440)
		at app//io.netty.channel.AbstractChannelHandlerContext.invokeChannelRead(AbstractChannelHandlerContext.java:420)
		at app//io.netty.channel.DefaultChannelPipeline.fireChannelRead(DefaultChannelPipeline.java:919)
		at app//io.netty.channel.nio.AbstractNioByteChannel$NioByteUnsafe.read(AbstractNioByteChannel.java:166)
		at app//io.netty.channel.nio.NioEventLoop.processSelectedKey(NioEventLoop.java:788)
		at app//io.netty.channel.nio.NioEventLoop.processSelectedKeysOptimized(NioEventLoop.java:724)
		at app//io.netty.channel.nio.NioEventLoop.processSelectedKeys(NioEventLoop.java:650)
		at app//io.netty.channel.nio.NioEventLoop.run(NioEventLoop.java:562)
		at app//io.netty.util.concurrent.SingleThreadEventExecutor$4.run(SingleThreadEventExecutor.java:997)
		at app//io.netty.util.internal.ThreadExecutorMap$2.run(ThreadExecutorMap.java:74)
		at app//io.netty.util.concurrent.FastThreadLocalRunnable.run(FastThreadLocalRunnable.java:30)
		at java.base@17.0.6/java.lang.Thread.run(Thread.java:833)
	Suppressed: java.lang.Exception: #block terminated with an error
		at reactor.core.publisher.BlockingSingleSubscriber.blockingGet(BlockingSingleSubscriber.java:99)
		at reactor.core.publisher.Mono.block(Mono.java:1710)
		at com.fedex.aggregation.service.AggregationIntegrationTest.getCall(AggregationIntegrationTest.java:130)
		at com.fedex.aggregation.service.AggregationIntegrationTest.testAggregationOnlyShipmentsRequestParams(AggregationIntegrationTest.java:116)
		at java.base/jdk.internal.reflect.NativeMethodAccessorImpl.invoke0(Native Method)
		at java.base/jdk.internal.reflect.NativeMethodAccessorImpl.invoke(NativeMethodAccessorImpl.java:77)
		at java.base/jdk.internal.reflect.DelegatingMethodAccessorImpl.invoke(DelegatingMethodAccessorImpl.java:43)
		at java.base/java.lang.reflect.Method.invoke(Method.java:568)
		at org.junit.platform.commons.util.ReflectionUtils.invokeMethod(ReflectionUtils.java:727)
		at org.junit.jupiter.engine.execution.MethodInvocation.proceed(MethodInvocation.java:60)
		at org.junit.jupiter.engine.execution.InvocationInterceptorChain$ValidatingInvocation.proceed(InvocationInterceptorChain.java:131)
		at org.junit.jupiter.engine.extension.TimeoutExtension.intercept(TimeoutExtension.java:156)
		at org.junit.jupiter.engine.extension.TimeoutExtension.interceptTestableMethod(TimeoutExtension.java:147)
		at org.junit.jupiter.engine.extension.TimeoutExtension.interceptTestMethod(TimeoutExtension.java:86)
		at org.junit.jupiter.engine.execution.InterceptingExecutableInvoker$ReflectiveInterceptorCall.lambda$ofVoidMethod$0(InterceptingExecutableInvoker.java:103)
		at org.junit.jupiter.engine.execution.InterceptingExecutableInvoker.lambda$invoke$0(InterceptingExecutableInvoker.java:93)
[...]
2023-04-23T13:05:34.150+02:00  INFO 15598 --- [eam--1684142538] t.xyzassessment/backend-services:latest  : Pulling image layers:  3 pending,  6 downloaded,  5 extracted, (96 MB/? MB)
2023-04-23T13:05:34.244+02:00  INFO 15598 --- [eam--1684142538] t.xyzassessment/backend-services:latest  : Pulling image layers:  2 pending,  7 downloaded,  5 extracted, (101 MB/? MB)
2023-04-23T13:05:34.555+02:00  INFO 15598 --- [eam--1684142538] t.xyzassessment/backend-services:latest  : Pulling image layers:  1 pending,  8 downloaded,  5 extracted, (114 MB/? MB)
2023-04-23T13:05:34.681+02:00  INFO 15598 --- [eam--1684142538] t.xyzassessment/backend-services:latest  : Pulling image layers:  0 pending,  9 downloaded,  5 extracted, (114 MB/118 MB)
2023-04-23T13:05:34.778+02:00  INFO 15598 --- [eam--1684142538] t.xyzassessment/backend-services:latest  : Pulling image layers:  0 pending,  9 downloaded,  6 extracted, (116 MB/118 MB)
2023-04-23T13:05:34.892+02:00  INFO 15598 --- [eam--1684142538] t.xyzassessment/backend-services:latest  : Pulling image layers:  0 pending,  9 downloaded,  7 extracted, (118 MB/118 MB)
2023-04-23T13:05:34.929+02:00  INFO 15598 --- [eam--1684142538] t.xyzassessment/backend-services:latest  : Pulling image layers:  0 pending,  9 downloaded,  8 extracted, (118 MB/118 MB)
2023-04-23T13:05:34.966+02:00  INFO 15598 --- [eam--1684142538] t.xyzassessment/backend-services:latest  : Pulling image layers:  0 pending,  9 downloaded,  9 extracted, (118 MB/118 MB)
2023-04-23T13:05:34.972+02:00  INFO 15598 --- [eam--1684142538] t.xyzassessment/backend-services:latest  : Pull complete. 9 layers, pulled in 8s (downloaded 118 MB at 14 MB/s)
2023-04-23T13:05:34.980+02:00  INFO 15598 --- [    Test worker] tc.docker/compose:1.29.2                 : Pulling docker image: docker/compose:1.29.2. Please be patient; this may take some time but only needs to be done once.
2023-04-23T13:05:36.205+02:00  INFO 15598 --- [ream--102233613] tc.docker/compose:1.29.2                 : Starting to pull image
2023-04-23T13:05:36.208+02:00  INFO 15598 --- [ream--102233613] tc.docker/compose:1.29.2                 : Pulling image layers:  0 pending,  0 downloaded,  0 extracted, (0 bytes/0 bytes)
2023-04-23T13:05:36.886+02:00  INFO 15598 --- [ream--102233613] tc.docker/compose:1.29.2                 : Pulling image layers:  3 pending,  1 downloaded,  0 extracted, (1 MB/? MB)
2023-04-23T13:05:36.923+02:00  INFO 15598 --- [ream--102233613] tc.docker/compose:1.29.2                 : Pulling image layers:  2 pending,  2 downloaded,  0 extracted, (2 MB/? MB)
2023-04-23T13:05:37.000+02:00  INFO 15598 --- [ream--102233613] tc.docker/compose:1.29.2                 : Pulling image layers:  2 pending,  2 downloaded,  1 extracted, (7 MB/? MB)
2023-04-23T13:05:37.037+02:00  INFO 15598 --- [ream--102233613] tc.docker/compose:1.29.2                 : Pulling image layers:  2 pending,  2 downloaded,  2 extracted, (7 MB/? MB)
2023-04-23T13:05:37.257+02:00  INFO 15598 --- [ream--102233613] tc.docker/compose:1.29.2                 : Pulling image layers:  1 pending,  3 downloaded,  2 extracted, (15 MB/? MB)
2023-04-23T13:05:37.506+02:00  INFO 15598 --- [ream--102233613] tc.docker/compose:1.29.2                 : Pulling image layers:  1 pending,  3 downloaded,  3 extracted, (19 MB/? MB)
2023-04-23T13:05:37.779+02:00  INFO 15598 --- [ream--102233613] tc.docker/compose:1.29.2                 : Pulling image layers:  0 pending,  4 downloaded,  3 extracted, (26 MB/27 MB)
2023-04-23T13:05:37.853+02:00  INFO 15598 --- [ream--102233613] tc.docker/compose:1.29.2                 : Pulling image layers:  0 pending,  4 downloaded,  4 extracted, (27 MB/27 MB)
2023-04-23T13:05:37.858+02:00  INFO 15598 --- [ream--102233613] tc.docker/compose:1.29.2                 : Pull complete. 4 layers, pulled in 1s (downloaded 27 MB at 27 MB/s)
2023-04-23T13:05:37.863+02:00  INFO 15598 --- [    Test worker] tc.docker/compose:1.29.2                 : Creating container for image: docker/compose:1.29.2
2023-04-23T13:05:37.866+02:00  INFO 15598 --- [    Test worker] tc.alpine:3.16                           : Pulling docker image: alpine:3.16. Please be patient; this may take some time but only needs to be done once.
2023-04-23T13:05:39.086+02:00  INFO 15598 --- [tream--75096759] tc.alpine:3.16                           : Starting to pull image
2023-04-23T13:05:39.089+02:00  INFO 15598 --- [tream--75096759] tc.alpine:3.16                           : Pulling image layers:  0 pending,  0 downloaded,  0 extracted, (0 bytes/0 bytes)
2023-04-23T13:05:39.752+02:00  INFO 15598 --- [tream--75096759] tc.alpine:3.16                           : Pulling image layers:  0 pending,  1 downloaded,  0 extracted, (576 KB/2 MB)
2023-04-23T13:05:39.835+02:00  INFO 15598 --- [tream--75096759] tc.alpine:3.16                           : Pulling image layers:  0 pending,  1 downloaded,  1 extracted, (2 MB/2 MB)
2023-04-23T13:05:40.338+02:00  INFO 15598 --- [    Test worker] tc.docker/compose:1.29.2                 : Container docker/compose:1.29.2 is starting: d048b5c6ea1142ebb199089b89a246deaa58387fc59f7c63de4b585d89acb00e
2023-04-23T13:05:40.518+02:00  WARN 15598 --- [    Test worker] tc.docker/compose:1.29.2                 : The architecture 'amd64' for image 'docker/compose:1.29.2' (ID sha256:32d8a4638cd83922fdd94cadf4f1850b595d29757488c73adf05f4b99ebd1318) does not match the Docker server architecture 'arm64'. This will cause the container to execute much more slowly due to emulation and may lead to timeout failures.
2023-04-23T13:05:44.500+02:00  INFO 15598 --- [    Test worker] tc.docker/compose:1.29.2                 : Container docker/compose:1.29.2 started in PT6.637482S
2023-04-23T13:05:44.501+02:00  INFO 15598 --- [    Test worker] tc.docker/compose:1.29.2                 : Docker Compose container is running for command: up -d
2023-04-23T13:05:44.505+02:00  INFO 15598 --- [ream-1232324767] tc.docker/compose:1.29.2                 : STDERR: Creating network "s93rc4wraumt_default" with the default driver
2023-04-23T13:05:44.506+02:00  INFO 15598 --- [ream-1232324767] tc.docker/compose:1.29.2                 : STDERR: Creating s93rc4wraumt_fedex_1 ... 
2023-04-23T13:05:44.506+02:00  INFO 15598 --- [ream-1232324767] tc.docker/compose:1.29.2                 : STDERR: Creating s93rc4wraumt_fedex_1 ... done
2023-04-23T13:05:44.507+02:00  INFO 15598 --- [    Test worker] tc.docker/compose:1.29.2                 : Docker Compose has finished running
2023-04-23T13:05:44.513+02:00  INFO 15598 --- [    Test worker] tc.alpine/socat:1.7.4.3-r0               : Pulling docker image: alpine/socat:1.7.4.3-r0. Please be patient; this may take some time but only needs to be done once.
2023-04-23T13:05:46.047+02:00  INFO 15598 --- [eam--1155755250] tc.alpine/socat:1.7.4.3-r0               : Starting to pull image
2023-04-23T13:05:46.048+02:00  INFO 15598 --- [eam--1155755250] tc.alpine/socat:1.7.4.3-r0               : Pulling image layers:  0 pending,  0 downloaded,  0 extracted, (0 bytes/0 bytes)
2023-04-23T13:05:47.020+02:00  INFO 15598 --- [eam--1155755250] tc.alpine/socat:1.7.4.3-r0               : Pulling image layers:  1 pending,  1 downloaded,  0 extracted, (1 MB/? MB)
2023-04-23T13:05:47.095+02:00  INFO 15598 --- [eam--1155755250] tc.alpine/socat:1.7.4.3-r0               : Pulling image layers:  1 pending,  1 downloaded,  1 extracted, (2 MB/? MB)
2023-04-23T13:05:47.125+02:00  INFO 15598 --- [eam--1155755250] tc.alpine/socat:1.7.4.3-r0               : Pulling image layers:  0 pending,  2 downloaded,  1 extracted, (3 MB/3 MB)
2023-04-23T13:05:47.177+02:00  INFO 15598 --- [eam--1155755250] tc.alpine/socat:1.7.4.3-r0               : Pulling image layers:  0 pending,  2 downloaded,  2 extracted, (3 MB/3 MB)
2023-04-23T13:05:47.183+02:00  INFO 15598 --- [eam--1155755250] tc.alpine/socat:1.7.4.3-r0               : Pull complete. 2 layers, pulled in 1s (downloaded 3 MB at 3 MB/s)
2023-04-23T13:05:47.188+02:00  INFO 15598 --- [    Test worker] tc.alpine/socat:1.7.4.3-r0               : Creating container for image: alpine/socat:1.7.4.3-r0
2023-04-23T13:05:47.228+02:00  INFO 15598 --- [    Test worker] tc.alpine/socat:1.7.4.3-r0               : Container alpine/socat:1.7.4.3-r0 is starting: ad24d8ce8cfeead432a5e54ecc66e802ac6911909916dccb8a2689b65fc2c21f
2023-04-23T13:05:47.558+02:00  INFO 15598 --- [    Test worker] tc.alpine/socat:1.7.4.3-r0               : Container alpine/socat:1.7.4.3-r0 started in PT3.046416S
2023-04-23T13:05:57.642+02:00 ERROR 15598 --- [    Test worker] i.n.r.d.DnsServerAddressStreamProviders  : Unable to load io.netty.resolver.dns.macos.MacOSDnsServerAddressStreamProvider, fallback to system defaults. This may result in incorrect DNS resolutions on MacOS. Check whether you have a dependency on 'io.netty:netty-resolver-dns-native-macos'. Use DEBUG level to see the full stack: java.lang.UnsatisfiedLinkError: failed to load the required native library
2023-04-23T13:06:02.743+02:00  INFO 15598 --- [     parallel-2] c.f.a.service.gateway.PricingClient      : Calling Pricing API with following countryCodes=
2023-04-23T13:06:02.745+02:00  INFO 15598 --- [     parallel-6] c.f.a.service.gateway.TrackClient        : Calling Track API with following orderIds=109347263, 123456891
2023-04-23T13:06:02.804+02:00  INFO 15598 --- [    Test worker] o.t.containers.DockerComposeContainer    : Preemptively checking local images for 'xyzassessment/backend-services:latest', referenced via a compose file or transitive Dockerfile. If not available, it will be pulled.
2023-04-23T13:06:02.805+02:00  INFO 15598 --- [    Test worker] tc.docker/compose:1.29.2                 : Creating container for image: docker/compose:1.29.2
2023-04-23T13:06:02.850+02:00  INFO 15598 --- [    Test worker] tc.docker/compose:1.29.2                 : Container docker/compose:1.29.2 is starting: 5a317b8505fdf425e61c0936dd8f06772a7786b8119cdbd2a2cdf3dbf81eefa1
2023-04-23T13:06:03.035+02:00  WARN 15598 --- [    Test worker] tc.docker/compose:1.29.2                 : The architecture 'amd64' for image 'docker/compose:1.29.2' (ID sha256:32d8a4638cd83922fdd94cadf4f1850b595d29757488c73adf05f4b99ebd1318) does not match the Docker server architecture 'arm64'. This will cause the container to execute much more slowly due to emulation and may lead to timeout failures.
2023-04-23T13:06:06.722+02:00  INFO 15598 --- [    Test worker] tc.docker/compose:1.29.2                 : Container docker/compose:1.29.2 started in PT3.91713S
2023-04-23T13:06:06.722+02:00  INFO 15598 --- [    Test worker] tc.docker/compose:1.29.2                 : Docker Compose container is running for command: up -d
2023-04-23T13:06:06.725+02:00  INFO 15598 --- [eam--1429943919] tc.docker/compose:1.29.2                 : STDERR: s93rc4wraumt_fedex_1 is up-to-date
2023-04-23T13:06:06.726+02:00  INFO 15598 --- [    Test worker] tc.docker/compose:1.29.2                 : Docker Compose has finished running
2023-04-23T13:06:06.842+02:00  INFO 15598 --- [    Test worker] o.t.containers.DockerComposeContainer    : Preemptively checking local images for 'xyzassessment/backend-services:latest', referenced via a compose file or transitive Dockerfile. If not available, it will be pulled.
2023-04-23T13:06:06.843+02:00  INFO 15598 --- [    Test worker] tc.docker/compose:1.29.2                 : Creating container for image: docker/compose:1.29.2
2023-04-23T13:06:06.871+02:00  INFO 15598 --- [    Test worker] tc.docker/compose:1.29.2                 : Container docker/compose:1.29.2 is starting: ef32c8194868728cd2fe76ee9376828485f264c5a3e8d44ef09f8ec3f267420a
2023-04-23T13:06:07.048+02:00  WARN 15598 --- [    Test worker] tc.docker/compose:1.29.2                 : The architecture 'amd64' for image 'docker/compose:1.29.2' (ID sha256:32d8a4638cd83922fdd94cadf4f1850b595d29757488c73adf05f4b99ebd1318) does not match the Docker server architecture 'arm64'. This will cause the container to execute much more slowly due to emulation and may lead to timeout failures.
2023-04-23T13:06:10.729+02:00  INFO 15598 --- [    Test worker] tc.docker/compose:1.29.2                 : Container docker/compose:1.29.2 started in PT3.886505S
2023-04-23T13:06:10.730+02:00  INFO 15598 --- [    Test worker] tc.docker/compose:1.29.2                 : Docker Compose container is running for command: up -d
2023-04-23T13:06:10.733+02:00  INFO 15598 --- [eam--2030901132] tc.docker/compose:1.29.2                 : STDERR: s93rc4wraumt_fedex_1 is up-to-date
2023-04-23T13:06:10.734+02:00  INFO 15598 --- [    Test worker] tc.docker/compose:1.29.2                 : Docker Compose has finished running
2023-04-23T13:06:15.845+02:00  INFO 15598 --- [     parallel-8] c.f.a.service.gateway.PricingClient      : Calling Pricing API with following countryCodes=CN, NL
2023-04-23T13:06:15.845+02:00  INFO 15598 --- [    parallel-10] c.f.a.service.gateway.ShipmentClient     : Calling Shipment API with following orderIds=
2023-04-23T13:06:15.846+02:00  INFO 15598 --- [     parallel-2] c.f.a.service.gateway.TrackClient        : Calling Track API with following orderIds=
2023-04-23T13:06:15.877+02:00  INFO 15598 --- [    Test worker] o.t.containers.DockerComposeContainer    : Preemptively checking local images for 'xyzassessment/backend-services:latest', referenced via a compose file or transitive Dockerfile. If not available, it will be pulled.
2023-04-23T13:06:15.878+02:00  INFO 15598 --- [    Test worker] tc.docker/compose:1.29.2                 : Creating container for image: docker/compose:1.29.2
2023-04-23T13:06:15.928+02:00  INFO 15598 --- [    Test worker] tc.docker/compose:1.29.2                 : Container docker/compose:1.29.2 is starting: 8fb92a2b05ddc27001ac4bfb5e14bb718ca8c9a03ae870b920cdced59190d984
2023-04-23T13:06:16.121+02:00  WARN 15598 --- [    Test worker] tc.docker/compose:1.29.2                 : The architecture 'amd64' for image 'docker/compose:1.29.2' (ID sha256:32d8a4638cd83922fdd94cadf4f1850b595d29757488c73adf05f4b99ebd1318) does not match the Docker server architecture 'arm64'. This will cause the container to execute much more slowly due to emulation and may lead to timeout failures.
2023-04-23T13:06:19.729+02:00  INFO 15598 --- [    Test worker] tc.docker/compose:1.29.2                 : Container docker/compose:1.29.2 started in PT3.851267S
2023-04-23T13:06:19.730+02:00  INFO 15598 --- [    Test worker] tc.docker/compose:1.29.2                 : Docker Compose container is running for command: up -d
2023-04-23T13:06:19.733+02:00  INFO 15598 --- [eam--2039782318] tc.docker/compose:1.29.2                 : STDERR: s93rc4wraumt_fedex_1 is up-to-date
2023-04-23T13:06:19.734+02:00  INFO 15598 --- [    Test worker] tc.docker/compose:1.29.2                 : Docker Compose has finished running
2023-04-23T13:06:24.840+02:00  INFO 15598 --- [     parallel-6] c.f.a.service.gateway.ShipmentClient     : Calling Shipment API with following orderIds=109347263, 123456891
2023-04-23T13:06:24.840+02:00  INFO 15598 --- [     parallel-4] c.f.a.service.gateway.PricingClient      : Calling Pricing API with following countryCodes=CN, NL
2023-04-23T13:06:24.841+02:00  INFO 15598 --- [     parallel-8] c.f.a.service.gateway.TrackClient        : Calling Track API with following orderIds=109347263, 123456891
2023-04-23T13:06:25.716+02:00  INFO 15598 --- [ctor-http-nio-7] c.f.a.service.gateway.ShipmentClient     : Fetched ShipmentResponses:ShipmentResponse={shipments={109347263=[box, pallet, box], 123456891=[box]}}
2023-04-23T13:06:25.716+02:00  INFO 15598 --- [ctor-http-nio-5] c.f.a.service.gateway.TrackClient        : Fetched ShipmentResponses:TrackResponse={track={109347263=COLLECTING, 123456891=COLLECTING}}
2023-04-23T13:06:25.716+02:00  INFO 15598 --- [ctor-http-nio-6] c.f.a.service.gateway.PricingClient      : Fetched PricingResponses:PricingResponse={pricing={CN=13.953890374562917, NL=76.7918977848678}}
2023-04-23T13:06:25.726+02:00  INFO 15598 --- [    Test worker] o.t.containers.DockerComposeContainer    : Preemptively checking local images for 'xyzassessment/backend-services:latest', referenced via a compose file or transitive Dockerfile. If not available, it will be pulled.
2023-04-23T13:06:25.726+02:00  INFO 15598 --- [    Test worker] tc.docker/compose:1.29.2                 : Creating container for image: docker/compose:1.29.2
2023-04-23T13:06:25.751+02:00  INFO 15598 --- [    Test worker] tc.docker/compose:1.29.2                 : Container docker/compose:1.29.2 is starting: be0203a08b991060b36f0e9b9ea9592fa5dfe59d840c07a155a61b31680386fd
2023-04-23T13:06:25.938+02:00  WARN 15598 --- [    Test worker] tc.docker/compose:1.29.2                 : The architecture 'amd64' for image 'docker/compose:1.29.2' (ID sha256:32d8a4638cd83922fdd94cadf4f1850b595d29757488c73adf05f4b99ebd1318) does not match the Docker server architecture 'arm64'. This will cause the container to execute much more slowly due to emulation and may lead to timeout failures.
2023-04-23T13:06:29.531+02:00  INFO 15598 --- [    Test worker] tc.docker/compose:1.29.2                 : Container docker/compose:1.29.2 started in PT3.804408S
2023-04-23T13:06:29.531+02:00  INFO 15598 --- [    Test worker] tc.docker/compose:1.29.2                 : Docker Compose container is running for command: up -d
2023-04-23T13:06:29.533+02:00  INFO 15598 --- [tream-640361430] tc.docker/compose:1.29.2                 : STDERR: s93rc4wraumt_fedex_1 is up-to-date
2023-04-23T13:06:29.534+02:00  INFO 15598 --- [    Test worker] tc.docker/compose:1.29.2                 : Docker Compose has finished running
2023-04-23T13:06:34.641+02:00  INFO 15598 --- [     parallel-2] c.f.a.service.gateway.ShipmentClient     : Calling Shipment API with following orderIds=109347263, 123456891
2023-04-23T13:06:34.641+02:00  INFO 15598 --- [    parallel-10] c.f.a.service.gateway.PricingClient      : Calling Pricing API with following countryCodes=
2023-04-23T13:06:34.797+02:00  INFO 15598 --- [    Test worker] tc.docker/compose:1.29.2                 : Creating container for image: docker/compose:1.29.2
2023-04-23T13:06:34.822+02:00  INFO 15598 --- [    Test worker] tc.docker/compose:1.29.2                 : Container docker/compose:1.29.2 is starting: 42ab26bcd90216ade211e18857f824515701945136bb57499ea80317ab39115b
2023-04-23T13:06:35.009+02:00  WARN 15598 --- [    Test worker] tc.docker/compose:1.29.2                 : The architecture 'amd64' for image 'docker/compose:1.29.2' (ID sha256:32d8a4638cd83922fdd94cadf4f1850b595d29757488c73adf05f4b99ebd1318) does not match the Docker server architecture 'arm64'. This will cause the container to execute much more slowly due to emulation and may lead to timeout failures.
2023-04-23T13:06:39.390+02:00  INFO 15598 --- [    Test worker] tc.docker/compose:1.29.2                 : Container docker/compose:1.29.2 started in PT4.592636S
2023-04-23T13:06:39.392+02:00  INFO 15598 --- [    Test worker] tc.docker/compose:1.29.2                 : Docker Compose container is running for command: down -v
2023-04-23T13:06:39.395+02:00  INFO 15598 --- [ream-1234176373] tc.docker/compose:1.29.2                 : STDERR: Stopping s93rc4wraumt_fedex_1 ... 
2023-04-23T13:06:39.395+02:00  INFO 15598 --- [ream-1234176373] tc.docker/compose:1.29.2                 : STDERR: Stopping s93rc4wraumt_fedex_1 ... done
2023-04-23T13:06:39.395+02:00  INFO 15598 --- [ream-1234176373] tc.docker/compose:1.29.2                 : STDERR: Removing s93rc4wraumt_fedex_1 ... 
2023-04-23T13:06:39.395+02:00  INFO 15598 --- [ream-1234176373] tc.docker/compose:1.29.2                 : STDERR: Removing s93rc4wraumt_fedex_1 ... done
2023-04-23T13:06:39.395+02:00  INFO 15598 --- [ream-1234176373] tc.docker/compose:1.29.2                 : STDERR: Removing network s93rc4wraumt_default
2023-04-23T13:06:39.395+02:00  INFO 15598 --- [    Test worker] tc.docker/compose:1.29.2                 : Docker Compose has finished running
]]></system-out>
  <system-err><![CDATA[]]></system-err>
</testsuite>
